2023/12/07 17:22:43 569829	INFO [auto_smokephone.cc->Load_config:325]	domain_config:  jiayouzhan

2023/12/07 17:22:43 600966	INFO [logging.h->initInferContext:572]	initInferContext(): use gpu:0
2023/12/07 17:22:43 667432	INFO [logging.h->initInferContext:605]	initInferContext(): Success read engine file!../models/safearea/jyz_car/jyz_weilan_y4_sim.trt
2023/12/07 17:22:43 754261	INFO [basePerson.cpp->BasePersonDetection:151]	BasePersonDetection(): initilized!
2023/12/07 17:22:43 754281	INFO [smoke_classification.cpp->SmokeClassification:57]	SmokeClassification(): call initInferContext!
2023/12/07 17:22:43 754287	INFO [logging.h->initInferContext:572]	initInferContext(): use gpu:0
2023/12/07 17:22:43 758805	INFO [logging.h->initInferContext:605]	initInferContext(): Success read engine file!../models/smoke/kailei/smoke_phone_mbC_sim.trt
2023/12/07 17:22:43 764641	INFO [smoke_classification.cpp->SmokeClassification:66]	SmokeClassification(): Success initialized!
2023/12/07 17:22:43 764649	INFO [logging.h->initInferContext:572]	initInferContext(): use gpu:0
2023/12/07 17:22:43 890753	INFO [logging.h->initInferContext:605]	initInferContext(): Success read engine file!../models/phone/bestsmokephone_sim.trt
2023/12/07 17:22:43 961089	INFO [logging.h->initInferContext:572]	initInferContext(): use gpu:0
2023/12/07 17:22:43 972037	INFO [logging.h->initInferContext:605]	initInferContext(): Success read engine file!../models/smoke/face/face_det.trt
2023/12/07 17:22:44 006913	INFO [SmokePhone_new.cpp->SmokePhoneDetection:99]	SmokePhoneDetection(): Success initialized!
2023/12/07 17:22:44 006923	INFO [SmokePhone_new.cpp->initTracks:288]	SmokePhoneDetection::initTracks insert threadcntID:0
2023/12/07 17:22:44 010248	INFO [smoke_classification.cpp->initTracks:92]	SmokeClassification::initTracks insert instancecntID:0
2023/12/07 17:22:44 011375	INFO [basePerson.cpp->initTracks:565]	BasePersonDetection::initTracks: insert instancecntID:0 
2023/12/07 17:22:44 014271	INFO [deepsort.cpp->DeepSort:23]	DS:: insert tracker for camID0
2023/12/07 17:22:44 014301	INFO [deepsort.cpp->DeepSort:34]	DS:: insert result instancecntID:0 
2023/12/07 17:22:44 014308	INFO [featuretensor.cpp->FeatureTensor:33]	FeatureTensor:maxBatchSize:8 featureDim:256
2023/12/07 17:22:44 014312	INFO [featuretensor.cpp->loadEngine:196]	FeatureTensor::loadEngine: insert instancecntID:0 
2023/12/07 17:22:44 014658	INFO [logging.h->initInferContext:572]	initInferContext(): use gpu:0
2023/12/07 17:22:44 026645	INFO [logging.h->initInferContext:605]	initInferContext(): Success read engine file!../models/safearea/dstk_model/deepsort_sim.trt
2023/12/07 17:22:44 035227	INFO [featuretensor.cpp->loadEngine:243]	FeatureTensor::loadEngine : model_file2 insert instancecntID:0
2023/12/07 17:22:44 036461	INFO [logging.h->initInferContext:572]	initInferContext(): use gpu:0
2023/12/07 17:22:44 060172	INFO [logging.h->initInferContext:605]	initInferContext(): Success read engine file!../models/safearea/dstk_model2/carRreid_sim.trt
2023/12/07 17:22:44 074451	INFO [deepsort.cpp->DeepSort:53]	DeepSort:batchSize:8 featureDim:512,256->256
2023/12/07 17:22:44 089092	INFO [auto_smokephone.cc->main:578]	../images/2023100116541600001.jpg starting
2023/12/07 17:22:44 089105	INFO [yolo_common.cpp->yolov4_detection_staff:1008]	BasePersonDetection:detect entered.camID:0instanceID:0
2023/12/07 17:22:44 092321	INFO [yolo_common.cpp->yolov4_detection_staff:1026]	BasePersonDetection: iniput image:w:1920,h:1080camID:0instanceID:0gpuId:0
2023/12/07 17:22:44 146845	INFO [yolo_common.cpp->yolov4_detection_staff:1054]	BasePersonDetection:infer time:53ms,camID:0
2023/12/07 17:22:44 155135	INFO [yolo_common.cpp->decode_outputs:899]	Ignored  score:0.928572 label:2 x:-2.09248 y:89.2544 width:172.655 height:115.13

2023/12/07 17:22:44 155151	INFO [basePerson.cpp->mainfunc2:194]	BasePersonDetection: mainfunc2. input box:907.828,183.587,59.3831,165.133,score:0.755405class:work_clothe_yellow,camID:0
2023/12/07 17:22:44 155156	INFO [basePerson.cpp->mainfunc2:226]	BasePersonDetection: mainfunc2. box:907.828,183.587,59.3831,165.133,score:0.755405class:work_clothe_yellow,camID:0
2023/12/07 17:22:44 155171	INFO [basePerson.cpp->mainfunc2:194]	BasePersonDetection: mainfunc2. input box:1474.08,203.702,74.9574,181.12,score:0.89829class:person,camID:0
2023/12/07 17:22:44 155175	INFO [basePerson.cpp->mainfunc2:226]	BasePersonDetection: mainfunc2. box:1474.08,203.702,74.9574,181.12,score:0.89829class:person,camID:0
2023/12/07 17:22:44 155184	INFO [basePerson.cpp->mainfunc2:194]	BasePersonDetection: mainfunc2. input box:1555.71,205.721,76.885,188.105,score:0.872977class:person,camID:0
2023/12/07 17:22:44 155189	INFO [basePerson.cpp->mainfunc2:226]	BasePersonDetection: mainfunc2. box:1555.71,205.721,76.885,188.105,score:0.872977class:person,camID:0
2023/12/07 17:22:44 155197	INFO [basePerson.cpp->mainfunc2:194]	BasePersonDetection: mainfunc2. input box:1214.77,180.394,54.5873,113.388,score:0.750308class:person,camID:0
2023/12/07 17:22:44 155201	INFO [basePerson.cpp->mainfunc2:226]	BasePersonDetection: mainfunc2. box:1214.77,180.394,54.5873,113.388,score:0.750308class:person,camID:0
2023/12/07 17:22:44 155209	INFO [basePerson.cpp->mainfunc2:194]	BasePersonDetection: mainfunc2. input box:1178.5,139.118,61.8392,150.264,score:0.746148class:person,camID:0
2023/12/07 17:22:44 155212	INFO [basePerson.cpp->mainfunc2:226]	BasePersonDetection: mainfunc2. box:1178.5,139.118,61.8392,150.264,score:0.746148class:person,camID:0
2023/12/07 17:22:44 155221	INFO [basePerson.cpp->mainfunc2:194]	BasePersonDetection: mainfunc2. input box:654.774,176.087,251.52,178.941,score:0.987299class:car,camID:0
2023/12/07 17:22:44 155224	INFO [basePerson.cpp->mainfunc2:226]	BasePersonDetection: mainfunc2. box:654.774,176.087,251.52,178.941,score:0.987299class:car,camID:0
2023/12/07 17:22:44 155234	INFO [basePerson.cpp->mainfunc2:194]	BasePersonDetection: mainfunc2. input box:2.31888,85.8191,161.775,122.178,score:0.922976class:car,camID:0
2023/12/07 17:22:44 155238	INFO [basePerson.cpp->mainfunc2:226]	BasePersonDetection: mainfunc2. box:2.31888,85.8191,161.775,122.178,score:0.922976class:car,camID:0
2023/12/07 17:22:44 155245	INFO [basePerson.cpp->mainfunc2:194]	BasePersonDetection: mainfunc2. input box:0.798812,322.951,182.161,339.57,score:0.86234class:car,camID:0
2023/12/07 17:22:44 155248	INFO [basePerson.cpp->mainfunc2:226]	BasePersonDetection: mainfunc2. box:0.798812,322.951,182.161,339.57,score:0.86234class:car,camID:0
2023/12/07 17:22:44 155256	INFO [basePerson.cpp->mainfunc2:194]	BasePersonDetection: mainfunc2. input box:129.004,0.19715,433.036,189.429,score:0.989349class:truck,camID:0
2023/12/07 17:22:44 155260	INFO [basePerson.cpp->mainfunc2:226]	BasePersonDetection: mainfunc2. box:129.004,0.19715,433.036,189.429,score:0.989349class:truck,camID:0
2023/12/07 17:22:44 155268	INFO [basePerson.cpp->mainfunc2:194]	BasePersonDetection: mainfunc2. input box:1247.6,12.6716,283.552,359.709,score:0.895587class:truck,camID:0
2023/12/07 17:22:44 155272	INFO [basePerson.cpp->mainfunc2:226]	BasePersonDetection: mainfunc2. box:1247.6,12.6716,283.552,359.709,score:0.895587class:truck,camID:0
2023/12/07 17:22:44 156381	INFO [featuretensor.cpp->doInference:295]	FeatureTensor:: doInference:imgMats.size5instanceID:0 camID:0
2023/12/07 17:22:44 170294	INFO [featuretensor.cpp->doInference:375]	FeatureTensor::predictor0 doInference:infer time:12ms,camID:0
2023/12/07 17:22:44 170346	INFO [featuretensor.cpp->doInference:295]	FeatureTensor:: doInference:imgMats.size3instanceID:0 camID:0
2023/12/07 17:22:44 174635	INFO [featuretensor.cpp->doInference:402]	FeatureTensor::predictor1 doInference:infer time:2ms,camID:0
2023/12/07 17:22:44 174977	INFO [featuretensor.cpp->doInference:295]	FeatureTensor:: doInference:imgMats.size2instanceID:0 camID:0
2023/12/07 17:22:44 178619	INFO [featuretensor.cpp->doInference:402]	FeatureTensor::predictor1 doInference:infer time:2ms,camID:0
2023/12/07 17:22:44 178760	INFO [basePerson.cpp->mainfunc2:352]	BasePersonDetection:mainfunc2:work_clothe_yellow,0.755405,tid:-1  x, y, w,  h:907.828,183.587,59.3831,165.133, camID:0
2023/12/07 17:22:44 178765	INFO [basePerson.cpp->mainfunc2:352]	BasePersonDetection:mainfunc2:person,0.89829,tid:-1  x, y, w,  h:1474.08,203.702,74.9574,181.12, camID:0
2023/12/07 17:22:44 178769	INFO [basePerson.cpp->mainfunc2:352]	BasePersonDetection:mainfunc2:person,0.872977,tid:-1  x, y, w,  h:1555.71,205.721,76.885,188.105, camID:0
2023/12/07 17:22:44 178773	INFO [basePerson.cpp->mainfunc2:352]	BasePersonDetection:mainfunc2:person,0.750308,tid:-1  x, y, w,  h:1214.77,180.394,54.5873,113.388, camID:0
2023/12/07 17:22:44 178777	INFO [basePerson.cpp->mainfunc2:352]	BasePersonDetection:mainfunc2:person,0.746148,tid:-1  x, y, w,  h:1178.5,139.118,61.8392,150.264, camID:0
2023/12/07 17:22:44 178780	INFO [basePerson.cpp->mainfunc2:352]	BasePersonDetection:mainfunc2:car,0.987299,tid:-1  x, y, w,  h:654.774,176.087,251.52,178.941, camID:0
2023/12/07 17:22:44 178784	INFO [basePerson.cpp->mainfunc2:352]	BasePersonDetection:mainfunc2:car,0.922976,tid:-1  x, y, w,  h:2.31888,85.8191,161.775,122.178, camID:0
2023/12/07 17:22:44 178787	INFO [basePerson.cpp->mainfunc2:352]	BasePersonDetection:mainfunc2:car,0.86234,tid:-1  x, y, w,  h:0.798812,322.951,182.161,339.57, camID:0
2023/12/07 17:22:44 178791	INFO [basePerson.cpp->mainfunc2:352]	BasePersonDetection:mainfunc2:truck,0.989349,tid:-1  x, y, w,  h:129.004,0.19715,433.036,189.429, camID:0
2023/12/07 17:22:44 178794	INFO [basePerson.cpp->mainfunc2:352]	BasePersonDetection:mainfunc2:truck,0.895587,tid:-1  x, y, w,  h:1247.6,12.6716,283.552,359.709, camID:0
2023/12/07 17:22:44 178798	INFO [basePerson.cpp->detect:749]	BasePersonDetection: objects cnt:10camID:0
2023/12/07 17:22:44 178801	INFO [basePerson.cpp->detect:761]	BasePersonDetection: objects size.10camID:0
2023/12/07 17:22:44 178803	INFO [basePerson.cpp->detect:762]	BasePersonDetection:exit detect()camID:0
2023/12/07 17:22:44 178806	INFO [auto_smokephone.cc->main:590]	basePersonResult Detection successful
2023/12/07 17:22:44 178811	INFO [SmokePhone_new.cpp->detect:358]	SmokePhoneDetection: entered.camID:0

2023/12/07 17:22:44 178821	INFO [object_detector.cc->Predict:469]	ObjectDetector::Predict enteredcamID:0
2023/12/07 17:22:44 178828	INFO [object_detector.cc->Predict:492]	ObjectDetector::Predict before Preprocesscontext size:1,camID:0
2023/12/07 17:22:44 200153	INFO [object_detector.cc->Predict:495]	ObjectDetector::Predict after Preprocesscontext size:1,camID:0
2023/12/07 17:22:44 200366	INFO [object_detector.cc->Predict:534]	ObjectDetector::Predict before cudaSetDevicecontext size:1,camID:0
2023/12/07 17:22:44 200372	INFO [object_detector.cc->Predict:537]	ObjectDetector::Predict after cudaSetDevicecontext size:1,camID:0
2023/12/07 17:22:44 200377	INFO [object_detector.cc->Predict:544]	ObjectDetector::Predict before assertcontext size:1,choiceIntVal:0,camID:0
2023/12/07 17:22:44 200380	INFO [object_detector.cc->Predict:548]	ObjectDetector::Predict before doInferencecamID:0
2023/12/07 17:22:44 201230	INFO [object_detector.cc->doInference:219]	inference: Wait lock...camID:0
2023/12/07 17:22:44 204933	INFO [object_detector.cc->doInference:232]	inference: Out lock...camID:0
2023/12/07 17:22:44 205060	INFO [object_detector.cc->Predict:553]	ObjectDetector::Predict after doInferencecamID:0
2023/12/07 17:22:44 207633	INFO [object_detector.cc->Predict:664]	ObjectDetector::Predict num of boxes after nms:1camID:0
2023/12/07 17:22:44 207654	INFO [object_detector.cc->ppyoloe_det_stuff:762]	SmokePhoneDetection:infer time:28ms,camID:0
2023/12/07 17:22:44 207662	INFO [object_detector.cc->ppyoloe_det_stuff:763]	SmokePhoneDetection:det_times:21.5001 bbox_num:1
2023/12/07 17:22:44 207666	INFO [object_detector.cc->ppyoloe_det_stuff:801]	SmokePhoneDetection:confidence:0.401123,id:0
2023/12/07 17:22:44 207678	INFO [SmokePhone_new.cpp->detect:476]	SmokePhoneDetection::detect:camID:0 person_det_resultsInside person = confidence:0.89829 at x:1474.08 y:203.70 w:74.96  h:181.12 tid:-1

2023/12/07 17:22:44 207682	INFO [SmokePhone_new.cpp->detect:476]	SmokePhoneDetection::detect:camID:0 person_det_resultsInside person = confidence:0.87298 at x:1555.71 y:205.72 w:76.89  h:188.10 tid:-1

2023/12/07 17:22:44 207685	INFO [SmokePhone_new.cpp->detect:476]	SmokePhoneDetection::detect:camID:0 person_det_resultsInside person = confidence:0.75031 at x:1214.77 y:180.39 w:54.59  h:113.39 tid:-1

2023/12/07 17:22:44 207688	INFO [SmokePhone_new.cpp->detect:476]	SmokePhoneDetection::detect:camID:0 person_det_resultsInside person = confidence:0.74615 at x:1178.50 y:139.12 w:61.84  h:150.26 tid:-1

2023/12/07 17:22:44 207692	INFO [SmokePhone_new.cpp->detect:481]	FaceDetection::detect:camID:0 person_det_resultsInside work_clothe_blue = confidence:0.40112 at x:1217.00 y:149.00 w:20.00  h:23.00 tid:-1

2023/12/07 17:22:44 207695	INFO [SmokePhone_new.cpp->detect:492]	SmokePhoneDetection::detect:camID:0 person_det_resultsInside person = confidence:0.89829 at x:1474.08 y:203.70 w:74.96  h:181.12 tid:-1

2023/12/07 17:22:44 207698	INFO [SmokePhone_new.cpp->detect:514]	FaceDetection::detect:camID:0 person_det_resultsInside work_clothe_blue = confidence:0.40112 at x:1217.00 y:149.00 w:20.00  h:23.00 tid:-1

2023/12/07 17:22:44 207702	INFO [SmokePhone_new.cpp->detect:523]	inter_ared: 0.00 chepaiobj_area: 460.00 face:0 IOU is 0.000
2023/12/07 17:22:44 207706	INFO [SmokePhone_new.cpp->detect:492]	SmokePhoneDetection::detect:camID:0 person_det_resultsInside person = confidence:0.87298 at x:1555.71 y:205.72 w:76.89  h:188.10 tid:-1

2023/12/07 17:22:44 207710	INFO [SmokePhone_new.cpp->detect:514]	FaceDetection::detect:camID:0 person_det_resultsInside work_clothe_blue = confidence:0.40112 at x:1217.00 y:149.00 w:20.00  h:23.00 tid:-1

2023/12/07 17:22:44 207713	INFO [SmokePhone_new.cpp->detect:523]	inter_ared: 0.00 chepaiobj_area: 460.00 face:0 IOU is 0.000
2023/12/07 17:22:44 207716	INFO [SmokePhone_new.cpp->detect:492]	SmokePhoneDetection::detect:camID:0 person_det_resultsInside person = confidence:0.75031 at x:1214.77 y:180.39 w:54.59  h:113.39 tid:-1

2023/12/07 17:22:44 207719	INFO [SmokePhone_new.cpp->detect:514]	FaceDetection::detect:camID:0 person_det_resultsInside work_clothe_blue = confidence:0.40112 at x:1217.00 y:149.00 w:20.00  h:23.00 tid:-1

2023/12/07 17:22:44 207723	INFO [SmokePhone_new.cpp->detect:523]	inter_ared: 0.00 chepaiobj_area: 460.00 face:0 IOU is 0.000
2023/12/07 17:22:44 207725	INFO [SmokePhone_new.cpp->detect:492]	SmokePhoneDetection::detect:camID:0 person_det_resultsInside person = confidence:0.74615 at x:1178.50 y:139.12 w:61.84  h:150.26 tid:-1

2023/12/07 17:22:44 207728	INFO [SmokePhone_new.cpp->detect:514]	FaceDetection::detect:camID:0 person_det_resultsInside work_clothe_blue = confidence:0.40112 at x:1217.00 y:149.00 w:20.00  h:23.00 tid:-1

2023/12/07 17:22:44 207731	INFO [SmokePhone_new.cpp->detect:523]	inter_ared: 460.00 chepaiobj_area: 460.00 face:0 IOU is 1.000
2023/12/07 17:22:44 207734	INFO [SmokePhone_new.cpp->detect:542]	SmokePhoneDetection:camID:0   x:1217 y:149 w:20  h:23

2023/12/07 17:22:44 207737	INFO [SmokePhone_new.cpp->detect:563]	SmokePhoneDetection enlarged face on p:camID:0   x:1187 y:135 w:80  h:50

2023/12/07 17:22:44 207785	INFO [yolo_common.cpp->yolov4_detection_staff:1008]	SmokePhoneDetection_sp:detect entered.camID:0instanceID:0
2023/12/07 17:22:44 208866	INFO [yolo_common.cpp->yolov4_detection_staff:1026]	SmokePhoneDetection_sp: iniput image:w:130,h:100camID:0instanceID:0gpuId:0
2023/12/07 17:22:44 249815	INFO [yolo_common.cpp->yolov4_detection_staff:1054]	SmokePhoneDetection_sp:infer time:40ms,camID:0
2023/12/07 17:22:44 256301	INFO [SmokePhone_new.cpp->detect:906]	SmokePhoneDetection: kv.first:phone camID:0

2023/12/07 17:22:44 256306	INFO [SmokePhone_new.cpp->detect:906]	SmokePhoneDetection: kv.first:smoke camID:0

2023/12/07 17:22:44 256308	INFO [SmokePhone_new.cpp->detect:1229]	SmokePhoneDetection:det on enlarged face enteredcamID:0
2023/12/07 17:22:44 256311	INFO [SmokePhone_new.cpp->detect:1245]	SmokePhoneDetection:no objects for smokecamID:0
2023/12/07 17:22:44 256313	INFO [SmokePhone_new.cpp->detect:1260]	SmokePhoneDetection:exit detect()camID:0
2023/12/07 17:22:44 256316	INFO [auto_smokephone.cc->main:592]	SmokePhoneDetect sucessful
2023/12/07 17:22:44 256320	INFO [auto_smokephone.cc->main:603]	infer time:167ms

2023/12/07 17:22:44 256322	INFO [auto_smokephone.cc->main:605]	../images/2023100116541600001.jpg successfully
2023/12/07 17:22:44 270996	INFO [auto_smokephone.cc->main:578]	../images/2023100116541600002.jpg starting
2023/12/07 17:22:44 271010	INFO [yolo_common.cpp->yolov4_detection_staff:1008]	BasePersonDetection:detect entered.camID:0instanceID:0
2023/12/07 17:22:44 273465	INFO [yolo_common.cpp->yolov4_detection_staff:1026]	BasePersonDetection: iniput image:w:1920,h:1080camID:0instanceID:0gpuId:0
2023/12/07 17:22:44 290788	INFO [yolo_common.cpp->yolov4_detection_staff:1054]	BasePersonDetection:infer time:16ms,camID:0
2023/12/07 17:22:44 298306	INFO [yolo_common.cpp->decode_outputs:899]	Ignored  score:0.773274 label:2 x:-0.426342 y:82.1667 width:171.646 height:111.819

2023/12/07 17:22:44 298312	INFO [yolo_common.cpp->decode_outputs:899]	Ignored  score:0.835824 label:2 x:-0.846562 y:89.2591 width:170.643 height:112.422

2023/12/07 17:22:44 298317	INFO [yolo_common.cpp->decode_outputs:899]	Ignored  score:0.990332 label:5 x:124.828 y:-0.0891727 width:437.546 height:189.348

2023/12/07 17:22:44 298326	INFO [basePerson.cpp->mainfunc2:194]	BasePersonDetection: mainfunc2. input box:907.354,184.295,59.2962,164.73,score:0.744931class:work_clothe_yellow,camID:0
2023/12/07 17:22:44 298331	INFO [basePerson.cpp->mainfunc2:226]	BasePersonDetection: mainfunc2. box:907.354,184.295,59.2962,164.73,score:0.744931class:work_clothe_yellow,camID:0
2023/12/07 17:22:44 298348	INFO [basePerson.cpp->mainfunc2:194]	BasePersonDetection: mainfunc2. input box:1162.14,159.13,60.3182,144.454,score:0.921352class:person,camID:0
2023/12/07 17:22:44 298352	INFO [basePerson.cpp->mainfunc2:226]	BasePersonDetection: mainfunc2. box:1162.14,159.13,60.3182,144.454,score:0.921352class:person,camID:0
2023/12/07 17:22:44 298360	INFO [basePerson.cpp->mainfunc2:194]	BasePersonDetection: mainfunc2. input box:1500.88,197.477,65.2196,187.234,score:0.77727class:person,camID:0
2023/12/07 17:22:44 298364	INFO [basePerson.cpp->mainfunc2:226]	BasePersonDetection: mainfunc2. box:1500.88,197.477,65.2196,187.234,score:0.77727class:person,camID:0
2023/12/07 17:22:44 298373	INFO [basePerson.cpp->mainfunc2:194]	BasePersonDetection: mainfunc2. input box:654.487,175.355,250.555,181.404,score:0.987656class:car,camID:0
2023/12/07 17:22:44 298377	INFO [basePerson.cpp->mainfunc2:226]	BasePersonDetection: mainfunc2. box:654.487,175.355,250.555,181.404,score:0.987656class:car,camID:0
2023/12/07 17:22:44 298386	INFO [basePerson.cpp->mainfunc2:194]	BasePersonDetection: mainfunc2. input box:4.06129,86.3692,160.281,118.521,score:0.781614class:car,camID:0
2023/12/07 17:22:44 298390	INFO [basePerson.cpp->mainfunc2:226]	BasePersonDetection: mainfunc2. box:4.06129,86.3692,160.281,118.521,score:0.781614class:car,camID:0
2023/12/07 17:22:44 298398	INFO [basePerson.cpp->mainfunc2:194]	BasePersonDetection: mainfunc2. input box:1.4345,158.811,105.173,151.535,score:0.623624class:car,camID:0
2023/12/07 17:22:44 298401	INFO [basePerson.cpp->mainfunc2:226]	BasePersonDetection: mainfunc2. box:1.4345,158.811,105.173,151.535,score:0.623624class:car,camID:0
2023/12/07 17:22:44 298409	INFO [basePerson.cpp->mainfunc2:194]	BasePersonDetection: mainfunc2. input box:1248.08,15.5315,302.319,352.58,score:0.958681class:truck,camID:0
2023/12/07 17:22:44 298413	INFO [basePerson.cpp->mainfunc2:226]	BasePersonDetection: mainfunc2. box:1248.08,15.5315,302.319,352.58,score:0.958681class:truck,camID:0
2023/12/07 17:22:44 299886	INFO [featuretensor.cpp->doInference:295]	FeatureTensor:: doInference:imgMats.size3instanceID:0 camID:0
2023/12/07 17:22:44 302424	INFO [featuretensor.cpp->doInference:375]	FeatureTensor::predictor0 doInference:infer time:1ms,camID:0
2023/12/07 17:22:44 302455	INFO [featuretensor.cpp->doInference:295]	FeatureTensor:: doInference:imgMats.size4instanceID:0 camID:0
2023/12/07 17:22:44 307379	INFO [featuretensor.cpp->doInference:402]	FeatureTensor::predictor1 doInference:infer time:2ms,camID:0
2023/12/07 17:22:44 308131	INFO [basePerson.cpp->mainfunc2:352]	BasePersonDetection:mainfunc2:work_clothe_yellow,0.744931,tid:-1  x, y, w,  h:907.354,184.295,59.2962,164.73, camID:0
2023/12/07 17:22:44 308138	INFO [basePerson.cpp->mainfunc2:352]	BasePersonDetection:mainfunc2:person,0.921352,tid:-1  x, y, w,  h:1162.14,159.13,60.3182,144.454, camID:0
2023/12/07 17:22:44 308142	INFO [basePerson.cpp->mainfunc2:352]	BasePersonDetection:mainfunc2:person,0.77727,tid:-1  x, y, w,  h:1500.88,197.477,65.2196,187.234, camID:0
2023/12/07 17:22:44 308146	INFO [basePerson.cpp->mainfunc2:352]	BasePersonDetection:mainfunc2:car,0.987656,tid:-1  x, y, w,  h:654.487,175.355,250.555,181.404, camID:0
2023/12/07 17:22:44 308149	INFO [basePerson.cpp->mainfunc2:352]	BasePersonDetection:mainfunc2:car,0.781614,tid:-1  x, y, w,  h:4.06129,86.3692,160.281,118.521, camID:0
2023/12/07 17:22:44 308153	INFO [basePerson.cpp->mainfunc2:352]	BasePersonDetection:mainfunc2:car,0.623624,tid:-1  x, y, w,  h:1.4345,158.811,105.173,151.535, camID:0
2023/12/07 17:22:44 308157	INFO [basePerson.cpp->mainfunc2:352]	BasePersonDetection:mainfunc2:truck,0.958681,tid:-1  x, y, w,  h:1248.08,15.5315,302.319,352.58, camID:0
2023/12/07 17:22:44 308160	INFO [basePerson.cpp->detect:749]	BasePersonDetection: objects cnt:7camID:0
2023/12/07 17:22:44 308172	INFO [basePerson.cpp->detect:761]	BasePersonDetection: objects size.7camID:0
2023/12/07 17:22:44 308174	INFO [basePerson.cpp->detect:762]	BasePersonDetection:exit detect()camID:0
2023/12/07 17:22:44 308177	INFO [auto_smokephone.cc->main:590]	basePersonResult Detection successful
2023/12/07 17:22:44 308181	INFO [SmokePhone_new.cpp->detect:358]	SmokePhoneDetection: entered.camID:0

2023/12/07 17:22:44 308192	INFO [object_detector.cc->Predict:469]	ObjectDetector::Predict enteredcamID:0
2023/12/07 17:22:44 308198	INFO [object_detector.cc->Predict:492]	ObjectDetector::Predict before Preprocesscontext size:1,camID:0
2023/12/07 17:22:44 326657	INFO [object_detector.cc->Predict:495]	ObjectDetector::Predict after Preprocesscontext size:1,camID:0
2023/12/07 17:22:44 326914	INFO [object_detector.cc->Predict:534]	ObjectDetector::Predict before cudaSetDevicecontext size:1,camID:0
2023/12/07 17:22:44 326920	INFO [object_detector.cc->Predict:537]	ObjectDetector::Predict after cudaSetDevicecontext size:1,camID:0
2023/12/07 17:22:44 326925	INFO [object_detector.cc->Predict:544]	ObjectDetector::Predict before assertcontext size:1,choiceIntVal:0,camID:0
2023/12/07 17:22:44 326927	INFO [object_detector.cc->Predict:548]	ObjectDetector::Predict before doInferencecamID:0
2023/12/07 17:22:44 327760	INFO [object_detector.cc->doInference:219]	inference: Wait lock...camID:0
2023/12/07 17:22:44 331213	INFO [object_detector.cc->doInference:232]	inference: Out lock...camID:0
2023/12/07 17:22:44 331329	INFO [object_detector.cc->Predict:553]	ObjectDetector::Predict after doInferencecamID:0
2023/12/07 17:22:44 333889	INFO [object_detector.cc->Predict:664]	ObjectDetector::Predict num of boxes after nms:0camID:0
2023/12/07 17:22:44 333908	INFO [object_detector.cc->ppyoloe_det_stuff:762]	SmokePhoneDetection:infer time:25ms,camID:0
2023/12/07 17:22:44 333916	INFO [object_detector.cc->ppyoloe_det_stuff:763]	SmokePhoneDetection:det_times:18.6785 bbox_num:0
2023/12/07 17:22:44 333918	INFO [object_detector.cc->ppyoloe_det_stuff:767]	SmokePhoneDetection:det_stuff no object.
2023/12/07 17:22:44 333920	INFO [object_detector.cc->ppyoloe_det_stuff:769]	SmokePhoneDetection:exit det_stuff() camID:0
2023/12/07 17:22:44 333928	INFO [SmokePhone_new.cpp->detect:476]	SmokePhoneDetection::detect:camID:0 person_det_resultsInside person = confidence:0.92135 at x:1162.14 y:159.13 w:60.32  h:144.45 tid:-1

2023/12/07 17:22:44 333932	INFO [SmokePhone_new.cpp->detect:476]	SmokePhoneDetection::detect:camID:0 person_det_resultsInside person = confidence:0.77727 at x:1500.88 y:197.48 w:65.22  h:187.23 tid:-1

2023/12/07 17:22:44 333935	INFO [SmokePhone_new.cpp->detect:492]	SmokePhoneDetection::detect:camID:0 person_det_resultsInside person = confidence:0.92135 at x:1162.14 y:159.13 w:60.32  h:144.45 tid:-1

2023/12/07 17:22:44 333939	INFO [SmokePhone_new.cpp->detect:492]	SmokePhoneDetection::detect:camID:0 person_det_resultsInside person = confidence:0.77727 at x:1500.88 y:197.48 w:65.22  h:187.23 tid:-1

2023/12/07 17:22:44 333941	INFO [SmokePhone_new.cpp->detect:1245]	SmokePhoneDetection:no objects for smokecamID:0
2023/12/07 17:22:44 333944	INFO [SmokePhone_new.cpp->detect:1260]	SmokePhoneDetection:exit detect()camID:0
2023/12/07 17:22:44 333947	INFO [auto_smokephone.cc->main:592]	SmokePhoneDetect sucessful
2023/12/07 17:22:44 333950	INFO [auto_smokephone.cc->main:603]	infer time:62ms

2023/12/07 17:22:44 333953	INFO [auto_smokephone.cc->main:605]	../images/2023100116541600002.jpg successfully
2023/12/07 17:22:44 336928	INFO [auto_smokephone.cc->main:578]	../images/2023101127152700823.jpg starting
2023/12/07 17:22:44 336936	INFO [yolo_common.cpp->yolov4_detection_staff:1008]	BasePersonDetection:detect entered.camID:0instanceID:0
2023/12/07 17:22:44 338765	INFO [yolo_common.cpp->yolov4_detection_staff:1026]	BasePersonDetection: iniput image:w:618,h:672camID:0instanceID:0gpuId:0
2023/12/07 17:22:44 356186	INFO [yolo_common.cpp->yolov4_detection_staff:1054]	BasePersonDetection:infer time:16ms,camID:0
2023/12/07 17:22:44 363740	INFO [basePerson.cpp->detect:757]	BasePersonDetection:no objects.camID:0
2023/12/07 17:22:44 363745	INFO [basePerson.cpp->detect:761]	BasePersonDetection: objects size.0camID:0
2023/12/07 17:22:44 363747	INFO [basePerson.cpp->detect:762]	BasePersonDetection:exit detect()camID:0
2023/12/07 17:22:44 363750	INFO [auto_smokephone.cc->main:596]	Not Detect person!
2023/12/07 17:22:44 365643	INFO [auto_smokephone.cc->main:578]	../images/2023101127152700824.jpg starting
2023/12/07 17:22:44 365652	INFO [yolo_common.cpp->yolov4_detection_staff:1008]	BasePersonDetection:detect entered.camID:0instanceID:0
2023/12/07 17:22:44 367150	INFO [yolo_common.cpp->yolov4_detection_staff:1026]	BasePersonDetection: iniput image:w:540,h:361camID:0instanceID:0gpuId:0
2023/12/07 17:22:44 384414	INFO [yolo_common.cpp->yolov4_detection_staff:1054]	BasePersonDetection:infer time:16ms,camID:0
2023/12/07 17:22:44 392017	INFO [basePerson.cpp->mainfunc2:194]	BasePersonDetection: mainfunc2. input box:86.7291,168.767,97.448,184.629,score:0.620589class:person,camID:0
2023/12/07 17:22:44 392024	INFO [basePerson.cpp->mainfunc2:226]	BasePersonDetection: mainfunc2. box:86.7291,168.767,97.448,184.629,score:0.620589class:person,camID:0
2023/12/07 17:22:44 392184	INFO [featuretensor.cpp->doInference:295]	FeatureTensor:: doInference:imgMats.size1instanceID:0 camID:0
2023/12/07 17:22:44 394082	INFO [featuretensor.cpp->doInference:375]	FeatureTensor::predictor0 doInference:infer time:1ms,camID:0
2023/12/07 17:22:44 394388	INFO [basePerson.cpp->mainfunc2:352]	BasePersonDetection:mainfunc2:person,0.620589,tid:-1  x, y, w,  h:86.7291,168.767,97.448,184.629, camID:0
2023/12/07 17:22:44 394393	INFO [basePerson.cpp->detect:749]	BasePersonDetection: objects cnt:1camID:0
2023/12/07 17:22:44 394396	INFO [basePerson.cpp->detect:761]	BasePersonDetection: objects size.1camID:0
2023/12/07 17:22:44 394398	INFO [basePerson.cpp->detect:762]	BasePersonDetection:exit detect()camID:0
2023/12/07 17:22:44 394400	INFO [auto_smokephone.cc->main:590]	basePersonResult Detection successful
2023/12/07 17:22:44 394403	INFO [SmokePhone_new.cpp->detect:358]	SmokePhoneDetection: entered.camID:0

2023/12/07 17:22:44 394412	INFO [object_detector.cc->Predict:469]	ObjectDetector::Predict enteredcamID:0
2023/12/07 17:22:44 394418	INFO [object_detector.cc->Predict:492]	ObjectDetector::Predict before Preprocesscontext size:1,camID:0
2023/12/07 17:22:44 409569	INFO [object_detector.cc->Predict:495]	ObjectDetector::Predict after Preprocesscontext size:1,camID:0
2023/12/07 17:22:44 409837	INFO [object_detector.cc->Predict:534]	ObjectDetector::Predict before cudaSetDevicecontext size:1,camID:0
2023/12/07 17:22:44 409841	INFO [object_detector.cc->Predict:537]	ObjectDetector::Predict after cudaSetDevicecontext size:1,camID:0
2023/12/07 17:22:44 409845	INFO [object_detector.cc->Predict:544]	ObjectDetector::Predict before assertcontext size:1,choiceIntVal:0,camID:0
2023/12/07 17:22:44 409847	INFO [object_detector.cc->Predict:548]	ObjectDetector::Predict before doInferencecamID:0
2023/12/07 17:22:44 410624	INFO [object_detector.cc->doInference:219]	inference: Wait lock...camID:0
2023/12/07 17:22:44 414090	INFO [object_detector.cc->doInference:232]	inference: Out lock...camID:0
2023/12/07 17:22:44 414196	INFO [object_detector.cc->Predict:553]	ObjectDetector::Predict after doInferencecamID:0
2023/12/07 17:22:44 416653	INFO [object_detector.cc->Predict:664]	ObjectDetector::Predict num of boxes after nms:1camID:0
2023/12/07 17:22:44 416672	INFO [object_detector.cc->ppyoloe_det_stuff:762]	SmokePhoneDetection:infer time:22ms,camID:0
2023/12/07 17:22:44 416679	INFO [object_detector.cc->ppyoloe_det_stuff:763]	SmokePhoneDetection:det_times:15.382 bbox_num:1
2023/12/07 17:22:44 416682	INFO [object_detector.cc->ppyoloe_det_stuff:801]	SmokePhoneDetection:confidence:0.63623,id:0
2023/12/07 17:22:44 416689	INFO [SmokePhone_new.cpp->detect:476]	SmokePhoneDetection::detect:camID:0 person_det_resultsInside person = confidence:0.62059 at x:86.73 y:168.77 w:97.45  h:184.63 tid:-1

2023/12/07 17:22:44 416692	INFO [SmokePhone_new.cpp->detect:481]	FaceDetection::detect:camID:0 person_det_resultsInside work_clothe_blue = confidence:0.63623 at x:135.00 y:181.00 w:19.00  h:29.00 tid:-1

2023/12/07 17:22:44 416696	INFO [SmokePhone_new.cpp->detect:492]	SmokePhoneDetection::detect:camID:0 person_det_resultsInside person = confidence:0.62059 at x:86.73 y:168.77 w:97.45  h:184.63 tid:-1

2023/12/07 17:22:44 416700	INFO [SmokePhone_new.cpp->detect:514]	FaceDetection::detect:camID:0 person_det_resultsInside work_clothe_blue = confidence:0.63623 at x:135.00 y:181.00 w:19.00  h:29.00 tid:-1

2023/12/07 17:22:44 416702	INFO [SmokePhone_new.cpp->detect:523]	inter_ared: 551.00 chepaiobj_area: 551.00 face:0 IOU is 1.000
2023/12/07 17:22:44 416705	INFO [SmokePhone_new.cpp->detect:542]	SmokePhoneDetection:camID:0   x:135 y:181 w:19  h:29

2023/12/07 17:22:44 416708	INFO [SmokePhone_new.cpp->detect:563]	SmokePhoneDetection enlarged face on p:camID:0   x:106 y:163 w:76  h:63

2023/12/07 17:22:44 416747	INFO [yolo_common.cpp->yolov4_detection_staff:1008]	SmokePhoneDetection_sp:detect entered.camID:0instanceID:0
2023/12/07 17:22:44 417985	INFO [yolo_common.cpp->yolov4_detection_staff:1026]	SmokePhoneDetection_sp: iniput image:w:126,h:113camID:0instanceID:0gpuId:0
2023/12/07 17:22:44 459050	INFO [yolo_common.cpp->yolov4_detection_staff:1054]	SmokePhoneDetection_sp:infer time:40ms,camID:0
2023/12/07 17:22:44 465554	INFO [SmokePhone_new.cpp->detect:906]	SmokePhoneDetection: kv.first:phone camID:0

2023/12/07 17:22:44 465559	INFO [SmokePhone_new.cpp->detect:906]	SmokePhoneDetection: kv.first:smoke camID:0

2023/12/07 17:22:44 465561	INFO [SmokePhone_new.cpp->detect:1229]	SmokePhoneDetection:det on enlarged face enteredcamID:0
2023/12/07 17:22:44 465564	INFO [SmokePhone_new.cpp->detect:1245]	SmokePhoneDetection:no objects for smokecamID:0
2023/12/07 17:22:44 465566	INFO [SmokePhone_new.cpp->detect:1260]	SmokePhoneDetection:exit detect()camID:0
2023/12/07 17:22:44 465569	INFO [auto_smokephone.cc->main:592]	SmokePhoneDetect sucessful
2023/12/07 17:22:44 465573	INFO [auto_smokephone.cc->main:603]	infer time:99ms

2023/12/07 17:22:44 465575	INFO [auto_smokephone.cc->main:605]	../images/2023101127152700824.jpg successfully
2023/12/07 17:22:44 469207	INFO [auto_smokephone.cc->main:578]	../images/2023101127152700825.jpg starting
2023/12/07 17:22:44 469224	INFO [yolo_common.cpp->yolov4_detection_staff:1008]	BasePersonDetection:detect entered.camID:0instanceID:0
2023/12/07 17:22:44 471657	INFO [yolo_common.cpp->yolov4_detection_staff:1026]	BasePersonDetection: iniput image:w:640,h:853camID:0instanceID:0gpuId:0
2023/12/07 17:22:44 489155	INFO [yolo_common.cpp->yolov4_detection_staff:1054]	BasePersonDetection:infer time:16ms,camID:0
2023/12/07 17:22:44 496622	INFO [yolo_common.cpp->decode_outputs:899]	Ignored  score:0.816059 label:5 x:-2.66474 y:19.5232 width:644.471 height:809.616

2023/12/07 17:22:44 496629	INFO [basePerson.cpp->detect:757]	BasePersonDetection:no objects.camID:0
2023/12/07 17:22:44 496632	INFO [basePerson.cpp->detect:761]	BasePersonDetection: objects size.0camID:0
2023/12/07 17:22:44 496634	INFO [basePerson.cpp->detect:762]	BasePersonDetection:exit detect()camID:0
2023/12/07 17:22:44 496637	INFO [auto_smokephone.cc->main:596]	Not Detect person!
2023/12/07 17:22:44 497071	INFO [auto_smokephone.cc->main:578]	../images/202310125919591241.jpg starting
2023/12/07 17:22:44 497081	INFO [yolo_common.cpp->yolov4_detection_staff:1008]	BasePersonDetection:detect entered.camID:0instanceID:0
2023/12/07 17:22:44 498624	INFO [yolo_common.cpp->yolov4_detection_staff:1026]	BasePersonDetection: iniput image:w:146,h:293camID:0instanceID:0gpuId:0
2023/12/07 17:22:44 514076	INFO [yolo_common.cpp->yolov4_detection_staff:1054]	BasePersonDetection:infer time:14ms,camID:0
2023/12/07 17:22:44 521564	INFO [basePerson.cpp->detect:757]	BasePersonDetection:no objects.camID:0
2023/12/07 17:22:44 521568	INFO [basePerson.cpp->detect:761]	BasePersonDetection: objects size.0camID:0
2023/12/07 17:22:44 521570	INFO [basePerson.cpp->detect:762]	BasePersonDetection:exit detect()camID:0
2023/12/07 17:22:44 521573	INFO [auto_smokephone.cc->main:596]	Not Detect person!
2023/12/07 17:22:44 521973	INFO [auto_smokephone.cc->main:578]	../images/202310125919591242.jpg starting
2023/12/07 17:22:44 521983	INFO [yolo_common.cpp->yolov4_detection_staff:1008]	BasePersonDetection:detect entered.camID:0instanceID:0
2023/12/07 17:22:44 523376	INFO [yolo_common.cpp->yolov4_detection_staff:1026]	BasePersonDetection: iniput image:w:129,h:305camID:0instanceID:0gpuId:0
2023/12/07 17:22:44 538444	INFO [yolo_common.cpp->yolov4_detection_staff:1054]	BasePersonDetection:infer time:14ms,camID:0
2023/12/07 17:22:44 545933	INFO [basePerson.cpp->detect:757]	BasePersonDetection:no objects.camID:0
2023/12/07 17:22:44 545937	INFO [basePerson.cpp->detect:761]	BasePersonDetection: objects size.0camID:0
2023/12/07 17:22:44 545939	INFO [basePerson.cpp->detect:762]	BasePersonDetection:exit detect()camID:0
2023/12/07 17:22:44 545942	INFO [auto_smokephone.cc->main:596]	Not Detect person!
2023/12/07 17:22:44 546212	INFO [auto_smokephone.cc->main:578]	../images/202310125919592694.jpg starting
2023/12/07 17:22:44 546221	INFO [yolo_common.cpp->yolov4_detection_staff:1008]	BasePersonDetection:detect entered.camID:0instanceID:0
2023/12/07 17:22:44 547564	INFO [yolo_common.cpp->yolov4_detection_staff:1026]	BasePersonDetection: iniput image:w:93,h:261camID:0instanceID:0gpuId:0
2023/12/07 17:22:44 562404	INFO [yolo_common.cpp->yolov4_detection_staff:1054]	BasePersonDetection:infer time:14ms,camID:0
2023/12/07 17:22:44 569879	INFO [basePerson.cpp->detect:757]	BasePersonDetection:no objects.camID:0
2023/12/07 17:22:44 569883	INFO [basePerson.cpp->detect:761]	BasePersonDetection: objects size.0camID:0
2023/12/07 17:22:44 569885	INFO [basePerson.cpp->detect:762]	BasePersonDetection:exit detect()camID:0
2023/12/07 17:22:44 569888	INFO [auto_smokephone.cc->main:596]	Not Detect person!
2023/12/07 17:22:44 582735	INFO [auto_smokephone.cc->main:578]	../images/242216637303.jpg starting
2023/12/07 17:22:44 582746	INFO [yolo_common.cpp->yolov4_detection_staff:1008]	BasePersonDetection:detect entered.camID:0instanceID:0
2023/12/07 17:22:44 584853	INFO [yolo_common.cpp->yolov4_detection_staff:1026]	BasePersonDetection: iniput image:w:1920,h:1080camID:0instanceID:0gpuId:0
2023/12/07 17:22:44 599780	INFO [yolo_common.cpp->yolov4_detection_staff:1054]	BasePersonDetection:infer time:14ms,camID:0
2023/12/07 17:22:44 607344	INFO [basePerson.cpp->mainfunc2:194]	BasePersonDetection: mainfunc2. input box:325.378,94.0688,47.2615,98.6334,score:0.754168class:work_clothe_blue,camID:0
2023/12/07 17:22:44 607350	INFO [basePerson.cpp->mainfunc2:226]	BasePersonDetection: mainfunc2. box:325.378,94.0688,47.2615,98.6334,score:0.754168class:work_clothe_blue,camID:0
2023/12/07 17:22:44 607367	INFO [basePerson.cpp->mainfunc2:194]	BasePersonDetection: mainfunc2. input box:890.75,621.7,144.595,274.589,score:0.974303class:person,camID:0
2023/12/07 17:22:44 607370	INFO [basePerson.cpp->mainfunc2:226]	BasePersonDetection: mainfunc2. box:890.75,621.7,144.595,274.589,score:0.974303class:person,camID:0
2023/12/07 17:22:44 607379	INFO [basePerson.cpp->mainfunc2:194]	BasePersonDetection: mainfunc2. input box:777.126,219.934,76.9038,194.978,score:0.967425class:person,camID:0
2023/12/07 17:22:44 607383	INFO [basePerson.cpp->mainfunc2:226]	BasePersonDetection: mainfunc2. box:777.126,219.934,76.9038,194.978,score:0.967425class:person,camID:0
2023/12/07 17:22:44 607391	INFO [basePerson.cpp->mainfunc2:194]	BasePersonDetection: mainfunc2. input box:880.195,221.692,75.9708,188.933,score:0.895423class:person,camID:0
2023/12/07 17:22:44 607395	INFO [basePerson.cpp->mainfunc2:226]	BasePersonDetection: mainfunc2. box:880.195,221.692,75.9708,188.933,score:0.895423class:person,camID:0
2023/12/07 17:22:44 607403	INFO [basePerson.cpp->mainfunc2:194]	BasePersonDetection: mainfunc2. input box:666.897,132.025,233.81,236.74,score:0.753352class:truck,camID:0
2023/12/07 17:22:44 607407	INFO [basePerson.cpp->mainfunc2:226]	BasePersonDetection: mainfunc2. box:666.897,132.025,233.81,236.74,score:0.753352class:truck,camID:0
2023/12/07 17:22:44 607415	INFO [basePerson.cpp->mainfunc2:194]	BasePersonDetection: mainfunc2. input box:295.545,89.2155,205.408,94.5212,score:0.933783class:car,camID:0
2023/12/07 17:22:44 607419	INFO [basePerson.cpp->mainfunc2:226]	BasePersonDetection: mainfunc2. box:295.545,89.2155,205.408,94.5212,score:0.933783class:car,camID:0
2023/12/07 17:22:44 608509	INFO [featuretensor.cpp->doInference:295]	FeatureTensor:: doInference:imgMats.size4instanceID:0 camID:0
2023/12/07 17:22:44 611099	INFO [featuretensor.cpp->doInference:375]	FeatureTensor::predictor0 doInference:infer time:1ms,camID:0
2023/12/07 17:22:44 611136	INFO [featuretensor.cpp->doInference:295]	FeatureTensor:: doInference:imgMats.size2instanceID:0 camID:0
2023/12/07 17:22:44 614532	INFO [featuretensor.cpp->doInference:402]	FeatureTensor::predictor1 doInference:infer time:2ms,camID:0
2023/12/07 17:22:44 614932	INFO [basePerson.cpp->mainfunc2:352]	BasePersonDetection:mainfunc2:work_clothe_blue,0.754168,tid:-1  x, y, w,  h:325.378,94.0688,47.2615,98.6334, camID:0
2023/12/07 17:22:44 614939	INFO [basePerson.cpp->mainfunc2:352]	BasePersonDetection:mainfunc2:person,0.974303,tid:-1  x, y, w,  h:890.75,621.7,144.595,274.589, camID:0
2023/12/07 17:22:44 614943	INFO [basePerson.cpp->mainfunc2:352]	BasePersonDetection:mainfunc2:person,0.967425,tid:-1  x, y, w,  h:777.126,219.934,76.9038,194.978, camID:0
2023/12/07 17:22:44 614947	INFO [basePerson.cpp->mainfunc2:352]	BasePersonDetection:mainfunc2:person,0.895423,tid:-1  x, y, w,  h:880.195,221.692,75.9708,188.933, camID:0
2023/12/07 17:22:44 614950	INFO [basePerson.cpp->mainfunc2:352]	BasePersonDetection:mainfunc2:truck,0.753352,tid:-1  x, y, w,  h:666.897,132.025,233.81,236.74, camID:0
2023/12/07 17:22:44 614953	INFO [basePerson.cpp->mainfunc2:352]	BasePersonDetection:mainfunc2:car,0.933783,tid:-1  x, y, w,  h:295.545,89.2155,205.408,94.5212, camID:0
2023/12/07 17:22:44 614956	INFO [basePerson.cpp->detect:749]	BasePersonDetection: objects cnt:6camID:0
2023/12/07 17:22:44 614958	INFO [basePerson.cpp->detect:761]	BasePersonDetection: objects size.6camID:0
2023/12/07 17:22:44 614960	INFO [basePerson.cpp->detect:762]	BasePersonDetection:exit detect()camID:0
2023/12/07 17:22:44 614963	INFO [auto_smokephone.cc->main:590]	basePersonResult Detection successful
2023/12/07 17:22:44 614967	INFO [SmokePhone_new.cpp->detect:358]	SmokePhoneDetection: entered.camID:0

2023/12/07 17:22:44 614977	INFO [object_detector.cc->Predict:469]	ObjectDetector::Predict enteredcamID:0
2023/12/07 17:22:44 614983	INFO [object_detector.cc->Predict:492]	ObjectDetector::Predict before Preprocesscontext size:1,camID:0
2023/12/07 17:22:44 633456	INFO [object_detector.cc->Predict:495]	ObjectDetector::Predict after Preprocesscontext size:1,camID:0
2023/12/07 17:22:44 633715	INFO [object_detector.cc->Predict:534]	ObjectDetector::Predict before cudaSetDevicecontext size:1,camID:0
2023/12/07 17:22:44 633720	INFO [object_detector.cc->Predict:537]	ObjectDetector::Predict after cudaSetDevicecontext size:1,camID:0
2023/12/07 17:22:44 633726	INFO [object_detector.cc->Predict:544]	ObjectDetector::Predict before assertcontext size:1,choiceIntVal:0,camID:0
2023/12/07 17:22:44 633728	INFO [object_detector.cc->Predict:548]	ObjectDetector::Predict before doInferencecamID:0
2023/12/07 17:22:44 634570	INFO [object_detector.cc->doInference:219]	inference: Wait lock...camID:0
2023/12/07 17:22:44 637470	INFO [object_detector.cc->doInference:232]	inference: Out lock...camID:0
2023/12/07 17:22:44 637589	INFO [object_detector.cc->Predict:553]	ObjectDetector::Predict after doInferencecamID:0
2023/12/07 17:22:44 640036	INFO [object_detector.cc->Predict:664]	ObjectDetector::Predict num of boxes after nms:1camID:0
2023/12/07 17:22:44 640058	INFO [object_detector.cc->ppyoloe_det_stuff:762]	SmokePhoneDetection:infer time:25ms,camID:0
2023/12/07 17:22:44 640065	INFO [object_detector.cc->ppyoloe_det_stuff:763]	SmokePhoneDetection:det_times:18.6905 bbox_num:1
2023/12/07 17:22:44 640069	INFO [object_detector.cc->ppyoloe_det_stuff:801]	SmokePhoneDetection:confidence:0.704102,id:0
2023/12/07 17:22:44 640077	INFO [SmokePhone_new.cpp->detect:476]	SmokePhoneDetection::detect:camID:0 person_det_resultsInside person = confidence:0.97430 at x:890.75 y:621.70 w:144.59  h:274.59 tid:-1

2023/12/07 17:22:44 640080	INFO [SmokePhone_new.cpp->detect:476]	SmokePhoneDetection::detect:camID:0 person_det_resultsInside person = confidence:0.96743 at x:777.13 y:219.93 w:76.90  h:194.98 tid:-1

2023/12/07 17:22:44 640083	INFO [SmokePhone_new.cpp->detect:476]	SmokePhoneDetection::detect:camID:0 person_det_resultsInside person = confidence:0.89542 at x:880.19 y:221.69 w:75.97  h:188.93 tid:-1

2023/12/07 17:22:44 640087	INFO [SmokePhone_new.cpp->detect:481]	FaceDetection::detect:camID:0 person_det_resultsInside work_clothe_blue = confidence:0.70410 at x:977.00 y:652.00 w:34.00  h:52.00 tid:-1

2023/12/07 17:22:44 640091	INFO [SmokePhone_new.cpp->detect:492]	SmokePhoneDetection::detect:camID:0 person_det_resultsInside person = confidence:0.97430 at x:890.75 y:621.70 w:144.59  h:274.59 tid:-1

2023/12/07 17:22:44 640095	INFO [SmokePhone_new.cpp->detect:514]	FaceDetection::detect:camID:0 person_det_resultsInside work_clothe_blue = confidence:0.70410 at x:977.00 y:652.00 w:34.00  h:52.00 tid:-1

2023/12/07 17:22:44 640099	INFO [SmokePhone_new.cpp->detect:523]	inter_ared: 1258.00 chepaiobj_area: 1768.00 face:0 IOU is 0.712
2023/12/07 17:22:44 640103	INFO [SmokePhone_new.cpp->detect:492]	SmokePhoneDetection::detect:camID:0 person_det_resultsInside person = confidence:0.96743 at x:777.13 y:219.93 w:76.90  h:194.98 tid:-1

2023/12/07 17:22:44 640106	INFO [SmokePhone_new.cpp->detect:514]	FaceDetection::detect:camID:0 person_det_resultsInside work_clothe_blue = confidence:0.70410 at x:977.00 y:652.00 w:34.00  h:52.00 tid:-1

2023/12/07 17:22:44 640109	INFO [SmokePhone_new.cpp->detect:523]	inter_ared: 0.00 chepaiobj_area: 1768.00 face:0 IOU is 0.000
2023/12/07 17:22:44 640112	INFO [SmokePhone_new.cpp->detect:492]	SmokePhoneDetection::detect:camID:0 person_det_resultsInside person = confidence:0.89542 at x:880.19 y:221.69 w:75.97  h:188.93 tid:-1

2023/12/07 17:22:44 640115	INFO [SmokePhone_new.cpp->detect:514]	FaceDetection::detect:camID:0 person_det_resultsInside work_clothe_blue = confidence:0.70410 at x:977.00 y:652.00 w:34.00  h:52.00 tid:-1

2023/12/07 17:22:44 640118	INFO [SmokePhone_new.cpp->detect:523]	inter_ared: 0.00 chepaiobj_area: 1768.00 face:0 IOU is 0.000
2023/12/07 17:22:44 640121	INFO [SmokePhone_new.cpp->detect:1245]	SmokePhoneDetection:no objects for smokecamID:0
2023/12/07 17:22:44 640122	INFO [SmokePhone_new.cpp->detect:1260]	SmokePhoneDetection:exit detect()camID:0
2023/12/07 17:22:44 640125	INFO [auto_smokephone.cc->main:592]	SmokePhoneDetect sucessful
2023/12/07 17:22:44 640130	INFO [auto_smokephone.cc->main:603]	infer time:57ms

2023/12/07 17:22:44 640132	INFO [auto_smokephone.cc->main:605]	../images/242216637303.jpg successfully
2023/12/07 17:22:44 652954	INFO [auto_smokephone.cc->main:578]	../images/244216637306.jpg starting
2023/12/07 17:22:44 652964	INFO [yolo_common.cpp->yolov4_detection_staff:1008]	BasePersonDetection:detect entered.camID:0instanceID:0
2023/12/07 17:22:44 655797	INFO [yolo_common.cpp->yolov4_detection_staff:1026]	BasePersonDetection: iniput image:w:1920,h:1080camID:0instanceID:0gpuId:0
2023/12/07 17:22:44 670665	INFO [yolo_common.cpp->yolov4_detection_staff:1054]	BasePersonDetection:infer time:14ms,camID:0
2023/12/07 17:22:44 678206	INFO [basePerson.cpp->mainfunc2:194]	BasePersonDetection: mainfunc2. input box:1274.16,535.107,137.234,387.801,score:0.94561class:person,camID:0
2023/12/07 17:22:44 678212	INFO [basePerson.cpp->mainfunc2:226]	BasePersonDetection: mainfunc2. box:1274.16,535.107,137.234,387.801,score:0.94561class:person,camID:0
2023/12/07 17:22:44 678229	INFO [basePerson.cpp->mainfunc2:194]	BasePersonDetection: mainfunc2. input box:1185.52,298.125,80.0063,220.616,score:0.972907class:work_clothe_blue,camID:0
2023/12/07 17:22:44 678234	INFO [basePerson.cpp->mainfunc2:226]	BasePersonDetection: mainfunc2. box:1185.52,298.125,80.0063,220.616,score:0.972907class:work_clothe_blue,camID:0
2023/12/07 17:22:44 678982	INFO [featuretensor.cpp->doInference:295]	FeatureTensor:: doInference:imgMats.size2instanceID:0 camID:0
2023/12/07 17:22:44 680982	INFO [featuretensor.cpp->doInference:375]	FeatureTensor::predictor0 doInference:infer time:1ms,camID:0
2023/12/07 17:22:44 681461	INFO [basePerson.cpp->mainfunc2:352]	BasePersonDetection:mainfunc2:person,0.94561,tid:-1  x, y, w,  h:1274.16,535.107,137.234,387.801, camID:0
2023/12/07 17:22:44 681469	INFO [basePerson.cpp->mainfunc2:352]	BasePersonDetection:mainfunc2:work_clothe_blue,0.972907,tid:-1  x, y, w,  h:1185.52,298.125,80.0063,220.616, camID:0
2023/12/07 17:22:44 681471	INFO [basePerson.cpp->detect:749]	BasePersonDetection: objects cnt:2camID:0
2023/12/07 17:22:44 681473	INFO [basePerson.cpp->detect:761]	BasePersonDetection: objects size.2camID:0
2023/12/07 17:22:44 681476	INFO [basePerson.cpp->detect:762]	BasePersonDetection:exit detect()camID:0
2023/12/07 17:22:44 681478	INFO [auto_smokephone.cc->main:590]	basePersonResult Detection successful
2023/12/07 17:22:44 681482	INFO [SmokePhone_new.cpp->detect:358]	SmokePhoneDetection: entered.camID:0

2023/12/07 17:22:44 681491	INFO [object_detector.cc->Predict:469]	ObjectDetector::Predict enteredcamID:0
2023/12/07 17:22:44 681498	INFO [object_detector.cc->Predict:492]	ObjectDetector::Predict before Preprocesscontext size:1,camID:0
2023/12/07 17:22:44 698841	INFO [object_detector.cc->Predict:495]	ObjectDetector::Predict after Preprocesscontext size:1,camID:0
2023/12/07 17:22:44 699091	INFO [object_detector.cc->Predict:534]	ObjectDetector::Predict before cudaSetDevicecontext size:1,camID:0
2023/12/07 17:22:44 699096	INFO [object_detector.cc->Predict:537]	ObjectDetector::Predict after cudaSetDevicecontext size:1,camID:0
2023/12/07 17:22:44 699101	INFO [object_detector.cc->Predict:544]	ObjectDetector::Predict before assertcontext size:1,choiceIntVal:0,camID:0
2023/12/07 17:22:44 699103	INFO [object_detector.cc->Predict:548]	ObjectDetector::Predict before doInferencecamID:0
2023/12/07 17:22:44 699924	INFO [object_detector.cc->doInference:219]	inference: Wait lock...camID:0
2023/12/07 17:22:44 702812	INFO [object_detector.cc->doInference:232]	inference: Out lock...camID:0
2023/12/07 17:22:44 702927	INFO [object_detector.cc->Predict:553]	ObjectDetector::Predict after doInferencecamID:0
2023/12/07 17:22:44 705466	INFO [object_detector.cc->Predict:664]	ObjectDetector::Predict num of boxes after nms:2camID:0
2023/12/07 17:22:44 705487	INFO [object_detector.cc->ppyoloe_det_stuff:762]	SmokePhoneDetection:infer time:23ms,camID:0
2023/12/07 17:22:44 705496	INFO [object_detector.cc->ppyoloe_det_stuff:763]	SmokePhoneDetection:det_times:17.5569 bbox_num:2
2023/12/07 17:22:44 705499	INFO [object_detector.cc->ppyoloe_det_stuff:801]	SmokePhoneDetection:confidence:0.439453,id:0
2023/12/07 17:22:44 705504	INFO [object_detector.cc->ppyoloe_det_stuff:801]	SmokePhoneDetection:confidence:0.42627,id:0
2023/12/07 17:22:44 705511	INFO [SmokePhone_new.cpp->detect:476]	SmokePhoneDetection::detect:camID:0 person_det_resultsInside person = confidence:0.94561 at x:1274.16 y:535.11 w:137.23  h:387.80 tid:-1

2023/12/07 17:22:44 705515	INFO [SmokePhone_new.cpp->detect:481]	FaceDetection::detect:camID:0 person_det_resultsInside work_clothe_blue = confidence:0.43945 at x:1373.00 y:553.00 w:23.00  h:39.00 tid:-1

2023/12/07 17:22:44 705518	INFO [SmokePhone_new.cpp->detect:481]	FaceDetection::detect:camID:0 person_det_resultsInside work_clothe_blue = confidence:0.42627 at x:1228.00 y:316.00 w:17.00  h:18.00 tid:-1

2023/12/07 17:22:44 705522	INFO [SmokePhone_new.cpp->detect:492]	SmokePhoneDetection::detect:camID:0 person_det_resultsInside person = confidence:0.94561 at x:1274.16 y:535.11 w:137.23  h:387.80 tid:-1

2023/12/07 17:22:44 705526	INFO [SmokePhone_new.cpp->detect:514]	FaceDetection::detect:camID:0 person_det_resultsInside work_clothe_blue = confidence:0.43945 at x:1373.00 y:553.00 w:23.00  h:39.00 tid:-1

2023/12/07 17:22:44 705529	INFO [SmokePhone_new.cpp->detect:523]	inter_ared: 897.00 chepaiobj_area: 897.00 face:0 IOU is 1.000
2023/12/07 17:22:44 705531	INFO [SmokePhone_new.cpp->detect:542]	SmokePhoneDetection:camID:0   x:1373 y:553 w:23  h:39

2023/12/07 17:22:44 705534	INFO [SmokePhone_new.cpp->detect:563]	SmokePhoneDetection enlarged face on p:camID:0   x:1338 y:529 w:92  h:85

2023/12/07 17:22:44 705585	INFO [yolo_common.cpp->yolov4_detection_staff:1008]	SmokePhoneDetection_sp:detect entered.camID:0instanceID:0
2023/12/07 17:22:44 706883	INFO [yolo_common.cpp->yolov4_detection_staff:1026]	SmokePhoneDetection_sp: iniput image:w:142,h:135camID:0instanceID:0gpuId:0
2023/12/07 17:22:44 741894	INFO [yolo_common.cpp->yolov4_detection_staff:1054]	SmokePhoneDetection_sp:infer time:34ms,camID:0
2023/12/07 17:22:44 748437	INFO [SmokePhone_new.cpp->detect:645]	SmokePhoneDetection all on face:camID:0  smoke_hand = confidence:0.62486 at x:30.63 y:100.19 w:32.24  h:33.81

2023/12/07 17:22:44 748443	INFO [SmokePhone_new.cpp->detect:645]	SmokePhoneDetection all on face:camID:0  smoke = confidence:0.39471 at x:32.33 y:100.25 w:28.81  h:21.97

2023/12/07 17:22:44 748448	INFO [SmokePhone_new.cpp->detect:906]	SmokePhoneDetection: kv.first:phone camID:0

2023/12/07 17:22:44 748451	INFO [SmokePhone_new.cpp->detect:1064]	SmokePhoneDetection phone on face:camID:0  phone = confidence:0.62486 at x:30.63 y:100.19 w:32.24  h:33.81

2023/12/07 17:22:44 748455	INFO [SmokePhone_new.cpp->detect:1064]	SmokePhoneDetection phone on face:camID:0  background = confidence:0.39471 at x:32.33 y:100.25 w:28.81  h:21.97

2023/12/07 17:22:44 748457	INFO [SmokePhone_new.cpp->detect:906]	SmokePhoneDetection: kv.first:smoke camID:0

2023/12/07 17:22:44 748460	INFO [SmokePhone_new.cpp->detect:921]	SmokePhoneDetection smoke on face:camID:0  phone = confidence:0.62486 at x:30.63 y:100.19 w:32.24  h:33.81

2023/12/07 17:22:44 748724	INFO [smoke_classification.cpp->detect:135]	SmokeClassification static_resized imagecamID:0
2023/12/07 17:22:44 748868	INFO [smoke_classification.cpp->detect:141]	SmokeClassification blob ok.camID:0
2023/12/07 17:22:44 748875	INFO [smoke_classification.cpp->detect:156]	SmokeClassification call TrtGPUInfer.camID:0
2023/12/07 17:22:44 749867	INFO [smoke_classification.cpp->detect:173]	SmokeClassification:infer time:0ms,camID:0
2023/12/07 17:22:44 749877	INFO [smoke_classification.cpp->detect:184]	SmokeClassification:exit detect()camID:0res result:0.00536401,0.00823122,0.986405,

2023/12/07 17:22:44 749906	INFO [SmokePhone_new.cpp->detect:1017]	SmokePhoneDetection: clsnet:{ 0.005364,  0.008231,  0.986405} camID:0
2023/12/07 17:22:44 749910	INFO [SmokePhone_new.cpp->detect:1027]	SmokePhoneDetection:detect camID:0Res OK prob:0.986405
2023/12/07 17:22:44 749916	INFO [SmokePhone_new.cpp->detect:921]	SmokePhoneDetection smoke on face:camID:0  background = confidence:0.39471 at x:32.33 y:100.25 w:28.81  h:21.97

2023/12/07 17:22:44 750180	INFO [smoke_classification.cpp->detect:135]	SmokeClassification static_resized imagecamID:0
2023/12/07 17:22:44 750322	INFO [smoke_classification.cpp->detect:141]	SmokeClassification blob ok.camID:0
2023/12/07 17:22:44 750328	INFO [smoke_classification.cpp->detect:156]	SmokeClassification call TrtGPUInfer.camID:0
2023/12/07 17:22:44 751278	INFO [smoke_classification.cpp->detect:173]	SmokeClassification:infer time:0ms,camID:0
2023/12/07 17:22:44 751287	INFO [smoke_classification.cpp->detect:184]	SmokeClassification:exit detect()camID:0res result:0.0256897,0.0656169,0.908693,

2023/12/07 17:22:44 751309	INFO [SmokePhone_new.cpp->detect:1017]	SmokePhoneDetection: clsnet:{ 0.02569 ,  0.065617,  0.908693} camID:0
2023/12/07 17:22:44 751312	INFO [SmokePhone_new.cpp->detect:1027]	SmokePhoneDetection:detect camID:0Res OK prob:0.908693
2023/12/07 17:22:44 751316	INFO [SmokePhone_new.cpp->detect:1229]	SmokePhoneDetection:det on enlarged face enteredcamID:0
2023/12/07 17:22:44 751494	INFO [SmokePhone_new.cpp->detect:1241]	save_img_xml successfully!
2023/12/07 17:22:44 751498	INFO [SmokePhone_new.cpp->detect:1260]	SmokePhoneDetection:exit detect()camID:0
2023/12/07 17:22:44 751500	INFO [auto_smokephone.cc->main:592]	SmokePhoneDetect sucessful
2023/12/07 17:22:44 751503	INFO [auto_smokephone.cc->main:603]	infer time:98ms

2023/12/07 17:22:44 751505	INFO [auto_smokephone.cc->main:605]	../images/244216637306.jpg successfully
2023/12/07 17:22:44 751786	INFO [auto_smokephone.cc->main:578]	../images/5216636817.jpg starting
2023/12/07 17:22:44 751794	INFO [yolo_common.cpp->yolov4_detection_staff:1008]	BasePersonDetection:detect entered.camID:0instanceID:0
2023/12/07 17:22:44 753283	INFO [yolo_common.cpp->yolov4_detection_staff:1026]	BasePersonDetection: iniput image:w:129,h:176camID:0instanceID:0gpuId:0
2023/12/07 17:22:44 768607	INFO [yolo_common.cpp->yolov4_detection_staff:1054]	BasePersonDetection:infer time:14ms,camID:0
2023/12/07 17:22:44 776203	INFO [basePerson.cpp->detect:757]	BasePersonDetection:no objects.camID:0
2023/12/07 17:22:44 776208	INFO [basePerson.cpp->detect:761]	BasePersonDetection: objects size.0camID:0
2023/12/07 17:22:44 776210	INFO [basePerson.cpp->detect:762]	BasePersonDetection:exit detect()camID:0
2023/12/07 17:22:44 776214	INFO [auto_smokephone.cc->main:596]	Not Detect person!
2023/12/07 17:22:44 787975	INFO [auto_smokephone.cc->main:578]	../images/679216638203.jpg starting
2023/12/07 17:22:44 787990	INFO [yolo_common.cpp->yolov4_detection_staff:1008]	BasePersonDetection:detect entered.camID:0instanceID:0
2023/12/07 17:22:44 790464	INFO [yolo_common.cpp->yolov4_detection_staff:1026]	BasePersonDetection: iniput image:w:1920,h:1080camID:0instanceID:0gpuId:0
2023/12/07 17:22:44 805464	INFO [yolo_common.cpp->yolov4_detection_staff:1054]	BasePersonDetection:infer time:14ms,camID:0
2023/12/07 17:22:44 812987	INFO [basePerson.cpp->mainfunc2:194]	BasePersonDetection: mainfunc2. input box:1031.4,424.371,182.763,554.686,score:0.915373class:person,camID:0
2023/12/07 17:22:44 812993	INFO [basePerson.cpp->mainfunc2:226]	BasePersonDetection: mainfunc2. box:1031.4,424.371,182.763,554.686,score:0.915373class:person,camID:0
2023/12/07 17:22:44 813008	INFO [basePerson.cpp->mainfunc2:194]	BasePersonDetection: mainfunc2. input box:859.637,219.609,117.612,320.832,score:0.897086class:person,camID:0
2023/12/07 17:22:44 813012	INFO [basePerson.cpp->mainfunc2:226]	BasePersonDetection: mainfunc2. box:859.637,219.609,117.612,320.832,score:0.897086class:person,camID:0
2023/12/07 17:22:44 813813	INFO [featuretensor.cpp->doInference:295]	FeatureTensor:: doInference:imgMats.size2instanceID:0 camID:0
2023/12/07 17:22:44 815835	INFO [featuretensor.cpp->doInference:375]	FeatureTensor::predictor0 doInference:infer time:1ms,camID:0
2023/12/07 17:22:44 816256	INFO [basePerson.cpp->mainfunc2:352]	BasePersonDetection:mainfunc2:person,0.915373,tid:-1  x, y, w,  h:1031.4,424.371,182.763,554.686, camID:0
2023/12/07 17:22:44 816263	INFO [basePerson.cpp->mainfunc2:352]	BasePersonDetection:mainfunc2:person,0.897086,tid:-1  x, y, w,  h:859.637,219.609,117.612,320.832, camID:0
2023/12/07 17:22:44 816266	INFO [basePerson.cpp->detect:749]	BasePersonDetection: objects cnt:2camID:0
2023/12/07 17:22:44 816268	INFO [basePerson.cpp->detect:761]	BasePersonDetection: objects size.2camID:0
2023/12/07 17:22:44 816270	INFO [basePerson.cpp->detect:762]	BasePersonDetection:exit detect()camID:0
2023/12/07 17:22:44 816273	INFO [auto_smokephone.cc->main:590]	basePersonResult Detection successful
2023/12/07 17:22:44 816277	INFO [SmokePhone_new.cpp->detect:358]	SmokePhoneDetection: entered.camID:0

2023/12/07 17:22:44 816287	INFO [object_detector.cc->Predict:469]	ObjectDetector::Predict enteredcamID:0
2023/12/07 17:22:44 816292	INFO [object_detector.cc->Predict:492]	ObjectDetector::Predict before Preprocesscontext size:1,camID:0
2023/12/07 17:22:44 833893	INFO [object_detector.cc->Predict:495]	ObjectDetector::Predict after Preprocesscontext size:1,camID:0
2023/12/07 17:22:44 834157	INFO [object_detector.cc->Predict:534]	ObjectDetector::Predict before cudaSetDevicecontext size:1,camID:0
2023/12/07 17:22:44 834164	INFO [object_detector.cc->Predict:537]	ObjectDetector::Predict after cudaSetDevicecontext size:1,camID:0
2023/12/07 17:22:44 834169	INFO [object_detector.cc->Predict:544]	ObjectDetector::Predict before assertcontext size:1,choiceIntVal:0,camID:0
2023/12/07 17:22:44 834171	INFO [object_detector.cc->Predict:548]	ObjectDetector::Predict before doInferencecamID:0
2023/12/07 17:22:44 835020	INFO [object_detector.cc->doInference:219]	inference: Wait lock...camID:0
2023/12/07 17:22:44 837918	INFO [object_detector.cc->doInference:232]	inference: Out lock...camID:0
2023/12/07 17:22:44 838047	INFO [object_detector.cc->Predict:553]	ObjectDetector::Predict after doInferencecamID:0
2023/12/07 17:22:44 840524	INFO [object_detector.cc->Predict:664]	ObjectDetector::Predict num of boxes after nms:2camID:0
2023/12/07 17:22:44 840546	INFO [object_detector.cc->ppyoloe_det_stuff:762]	SmokePhoneDetection:infer time:24ms,camID:0
2023/12/07 17:22:44 840553	INFO [object_detector.cc->ppyoloe_det_stuff:763]	SmokePhoneDetection:det_times:17.8261 bbox_num:2
2023/12/07 17:22:44 840557	INFO [object_detector.cc->ppyoloe_det_stuff:801]	SmokePhoneDetection:confidence:0.79541,id:0
2023/12/07 17:22:44 840562	INFO [object_detector.cc->ppyoloe_det_stuff:801]	SmokePhoneDetection:confidence:0.653809,id:0
2023/12/07 17:22:44 840570	INFO [SmokePhone_new.cpp->detect:476]	SmokePhoneDetection::detect:camID:0 person_det_resultsInside person = confidence:0.91537 at x:1031.40 y:424.37 w:182.76  h:554.69 tid:-1

2023/12/07 17:22:44 840574	INFO [SmokePhone_new.cpp->detect:476]	SmokePhoneDetection::detect:camID:0 person_det_resultsInside person = confidence:0.89709 at x:859.64 y:219.61 w:117.61  h:320.83 tid:-1

2023/12/07 17:22:44 840577	INFO [SmokePhone_new.cpp->detect:481]	FaceDetection::detect:camID:0 person_det_resultsInside work_clothe_blue = confidence:0.79541 at x:1122.00 y:465.00 w:40.00  h:65.00 tid:-1

2023/12/07 17:22:44 840581	INFO [SmokePhone_new.cpp->detect:481]	FaceDetection::detect:camID:0 person_det_resultsInside work_clothe_blue = confidence:0.65381 at x:901.00 y:214.00 w:36.00  h:53.00 tid:-1

2023/12/07 17:22:44 840584	INFO [SmokePhone_new.cpp->detect:492]	SmokePhoneDetection::detect:camID:0 person_det_resultsInside person = confidence:0.91537 at x:1031.40 y:424.37 w:182.76  h:554.69 tid:-1

2023/12/07 17:22:44 840587	INFO [SmokePhone_new.cpp->detect:514]	FaceDetection::detect:camID:0 person_det_resultsInside work_clothe_blue = confidence:0.79541 at x:1122.00 y:465.00 w:40.00  h:65.00 tid:-1

2023/12/07 17:22:44 840591	INFO [SmokePhone_new.cpp->detect:523]	inter_ared: 2600.00 chepaiobj_area: 2600.00 face:0 IOU is 1.000
2023/12/07 17:22:44 840593	INFO [SmokePhone_new.cpp->detect:542]	SmokePhoneDetection:camID:0   x:1122 y:465 w:40  h:65

2023/12/07 17:22:44 840596	INFO [SmokePhone_new.cpp->detect:563]	SmokePhoneDetection enlarged face on p:camID:0   x:1062 y:426 w:160  h:143

2023/12/07 17:22:44 840692	INFO [yolo_common.cpp->yolov4_detection_staff:1008]	SmokePhoneDetection_sp:detect entered.camID:0instanceID:0
2023/12/07 17:22:44 842552	INFO [yolo_common.cpp->yolov4_detection_staff:1026]	SmokePhoneDetection_sp: iniput image:w:210,h:193camID:0instanceID:0gpuId:0
2023/12/07 17:22:44 877578	INFO [yolo_common.cpp->yolov4_detection_staff:1054]	SmokePhoneDetection_sp:infer time:34ms,camID:0
2023/12/07 17:22:44 884078	INFO [SmokePhone_new.cpp->detect:906]	SmokePhoneDetection: kv.first:phone camID:0

2023/12/07 17:22:44 884083	INFO [SmokePhone_new.cpp->detect:906]	SmokePhoneDetection: kv.first:smoke camID:0

2023/12/07 17:22:44 884085	INFO [SmokePhone_new.cpp->detect:1229]	SmokePhoneDetection:det on enlarged face enteredcamID:0
2023/12/07 17:22:44 884095	INFO [SmokePhone_new.cpp->detect:492]	SmokePhoneDetection::detect:camID:0 person_det_resultsInside person = confidence:0.89709 at x:859.64 y:219.61 w:117.61  h:320.83 tid:-1

2023/12/07 17:22:44 884099	INFO [SmokePhone_new.cpp->detect:514]	FaceDetection::detect:camID:0 person_det_resultsInside work_clothe_blue = confidence:0.79541 at x:1122.00 y:465.00 w:40.00  h:65.00 tid:-1

2023/12/07 17:22:44 884102	INFO [SmokePhone_new.cpp->detect:523]	inter_ared: 0.00 chepaiobj_area: 2600.00 face:0 IOU is 0.000
2023/12/07 17:22:44 884106	INFO [SmokePhone_new.cpp->detect:514]	FaceDetection::detect:camID:0 person_det_resultsInside work_clothe_blue = confidence:0.65381 at x:901.00 y:214.00 w:36.00  h:53.00 tid:-1

2023/12/07 17:22:44 884109	INFO [SmokePhone_new.cpp->detect:523]	inter_ared: 1728.00 chepaiobj_area: 1908.00 face:1 IOU is 0.906
2023/12/07 17:22:44 884112	INFO [SmokePhone_new.cpp->detect:542]	SmokePhoneDetection:camID:0   x:901 y:214 w:36  h:53

2023/12/07 17:22:44 884114	INFO [SmokePhone_new.cpp->detect:563]	SmokePhoneDetection enlarged face on p:camID:0   x:847 y:182 w:144  h:116

2023/12/07 17:22:44 884205	INFO [yolo_common.cpp->yolov4_detection_staff:1008]	SmokePhoneDetection_sp:detect entered.camID:0instanceID:0
2023/12/07 17:22:44 885421	INFO [yolo_common.cpp->yolov4_detection_staff:1026]	SmokePhoneDetection_sp: iniput image:w:194,h:166camID:0instanceID:0gpuId:0
2023/12/07 17:22:44 920669	INFO [yolo_common.cpp->yolov4_detection_staff:1054]	SmokePhoneDetection_sp:infer time:34ms,camID:0
2023/12/07 17:22:44 927087	INFO [SmokePhone_new.cpp->detect:906]	SmokePhoneDetection: kv.first:phone camID:0

2023/12/07 17:22:44 927092	INFO [SmokePhone_new.cpp->detect:906]	SmokePhoneDetection: kv.first:smoke camID:0

2023/12/07 17:22:44 927094	INFO [SmokePhone_new.cpp->detect:1229]	SmokePhoneDetection:det on enlarged face enteredcamID:0
2023/12/07 17:22:44 927096	INFO [SmokePhone_new.cpp->detect:1245]	SmokePhoneDetection:no objects for smokecamID:0
2023/12/07 17:22:44 927098	INFO [SmokePhone_new.cpp->detect:1260]	SmokePhoneDetection:exit detect()camID:0
2023/12/07 17:22:44 927101	INFO [auto_smokephone.cc->main:592]	SmokePhoneDetect sucessful
2023/12/07 17:22:44 927104	INFO [auto_smokephone.cc->main:603]	infer time:139ms

2023/12/07 17:22:44 927107	INFO [auto_smokephone.cc->main:605]	../images/679216638203.jpg successfully
2023/12/07 17:22:44 939596	INFO [auto_smokephone.cc->main:578]	../images/7216636821.jpg starting
2023/12/07 17:22:44 939606	INFO [yolo_common.cpp->yolov4_detection_staff:1008]	BasePersonDetection:detect entered.camID:0instanceID:0
2023/12/07 17:22:44 942124	INFO [yolo_common.cpp->yolov4_detection_staff:1026]	BasePersonDetection: iniput image:w:1920,h:1080camID:0instanceID:0gpuId:0
2023/12/07 17:22:44 957155	INFO [yolo_common.cpp->yolov4_detection_staff:1054]	BasePersonDetection:infer time:14ms,camID:0
2023/12/07 17:22:44 964766	INFO [basePerson.cpp->mainfunc2:194]	BasePersonDetection: mainfunc2. input box:906.955,387.012,141.176,393.139,score:0.936541class:person,camID:0
2023/12/07 17:22:44 964772	INFO [basePerson.cpp->mainfunc2:226]	BasePersonDetection: mainfunc2. box:906.955,387.012,141.176,393.139,score:0.936541class:person,camID:0
2023/12/07 17:22:44 964788	INFO [basePerson.cpp->mainfunc2:194]	BasePersonDetection: mainfunc2. input box:1611.75,495.476,303.242,574.355,score:0.731516class:car,camID:0
2023/12/07 17:22:44 964792	INFO [basePerson.cpp->mainfunc2:226]	BasePersonDetection: mainfunc2. box:1611.75,495.476,303.242,574.355,score:0.731516class:car,camID:0
2023/12/07 17:22:44 965888	INFO [featuretensor.cpp->doInference:295]	FeatureTensor:: doInference:imgMats.size1instanceID:0 camID:0
2023/12/07 17:22:44 967629	INFO [featuretensor.cpp->doInference:375]	FeatureTensor::predictor0 doInference:infer time:1ms,camID:0
2023/12/07 17:22:44 967648	INFO [featuretensor.cpp->doInference:295]	FeatureTensor:: doInference:imgMats.size1instanceID:0 camID:0
2023/12/07 17:22:44 970408	INFO [featuretensor.cpp->doInference:402]	FeatureTensor::predictor1 doInference:infer time:2ms,camID:0
2023/12/07 17:22:44 971034	INFO [basePerson.cpp->mainfunc2:352]	BasePersonDetection:mainfunc2:person,0.936541,tid:-1  x, y, w,  h:906.955,387.012,141.176,393.139, camID:0
2023/12/07 17:22:44 971048	INFO [basePerson.cpp->mainfunc2:352]	BasePersonDetection:mainfunc2:car,0.731516,tid:-1  x, y, w,  h:1611.75,495.476,303.242,574.355, camID:0
2023/12/07 17:22:44 971051	INFO [basePerson.cpp->detect:749]	BasePersonDetection: objects cnt:2camID:0
2023/12/07 17:22:44 971053	INFO [basePerson.cpp->detect:761]	BasePersonDetection: objects size.2camID:0
2023/12/07 17:22:44 971057	INFO [basePerson.cpp->detect:762]	BasePersonDetection:exit detect()camID:0
2023/12/07 17:22:44 971064	INFO [auto_smokephone.cc->main:590]	basePersonResult Detection successful
2023/12/07 17:22:44 971073	INFO [SmokePhone_new.cpp->detect:358]	SmokePhoneDetection: entered.camID:0

2023/12/07 17:22:44 971092	INFO [object_detector.cc->Predict:469]	ObjectDetector::Predict enteredcamID:0
2023/12/07 17:22:44 971100	INFO [object_detector.cc->Predict:492]	ObjectDetector::Predict before Preprocesscontext size:1,camID:0
2023/12/07 17:22:44 989640	INFO [object_detector.cc->Predict:495]	ObjectDetector::Predict after Preprocesscontext size:1,camID:0
2023/12/07 17:22:44 989897	INFO [object_detector.cc->Predict:534]	ObjectDetector::Predict before cudaSetDevicecontext size:1,camID:0
2023/12/07 17:22:44 989903	INFO [object_detector.cc->Predict:537]	ObjectDetector::Predict after cudaSetDevicecontext size:1,camID:0
2023/12/07 17:22:44 989910	INFO [object_detector.cc->Predict:544]	ObjectDetector::Predict before assertcontext size:1,choiceIntVal:0,camID:0
2023/12/07 17:22:44 989913	INFO [object_detector.cc->Predict:548]	ObjectDetector::Predict before doInferencecamID:0
2023/12/07 17:22:44 990721	INFO [object_detector.cc->doInference:219]	inference: Wait lock...camID:0
2023/12/07 17:22:44 993626	INFO [object_detector.cc->doInference:232]	inference: Out lock...camID:0
2023/12/07 17:22:44 993748	INFO [object_detector.cc->Predict:553]	ObjectDetector::Predict after doInferencecamID:0
2023/12/07 17:22:44 996205	INFO [object_detector.cc->Predict:664]	ObjectDetector::Predict num of boxes after nms:1camID:0
2023/12/07 17:22:44 996227	INFO [object_detector.cc->ppyoloe_det_stuff:762]	SmokePhoneDetection:infer time:25ms,camID:0
2023/12/07 17:22:44 996236	INFO [object_detector.cc->ppyoloe_det_stuff:763]	SmokePhoneDetection:det_times:18.7599 bbox_num:1
2023/12/07 17:22:44 996242	INFO [object_detector.cc->ppyoloe_det_stuff:801]	SmokePhoneDetection:confidence:0.41333,id:0
2023/12/07 17:22:44 996252	INFO [SmokePhone_new.cpp->detect:476]	SmokePhoneDetection::detect:camID:0 person_det_resultsInside person = confidence:0.93654 at x:906.95 y:387.01 w:141.18  h:393.14 tid:-1

2023/12/07 17:22:44 996258	INFO [SmokePhone_new.cpp->detect:481]	FaceDetection::detect:camID:0 person_det_resultsInside work_clothe_blue = confidence:0.41333 at x:984.00 y:410.00 w:22.00  h:45.00 tid:-1

2023/12/07 17:22:44 996263	INFO [SmokePhone_new.cpp->detect:492]	SmokePhoneDetection::detect:camID:0 person_det_resultsInside person = confidence:0.93654 at x:906.95 y:387.01 w:141.18  h:393.14 tid:-1

2023/12/07 17:22:44 996268	INFO [SmokePhone_new.cpp->detect:514]	FaceDetection::detect:camID:0 person_det_resultsInside work_clothe_blue = confidence:0.41333 at x:984.00 y:410.00 w:22.00  h:45.00 tid:-1

2023/12/07 17:22:44 996272	INFO [SmokePhone_new.cpp->detect:523]	inter_ared: 990.00 chepaiobj_area: 990.00 face:0 IOU is 1.000
2023/12/07 17:22:44 996275	INFO [SmokePhone_new.cpp->detect:542]	SmokePhoneDetection:camID:0   x:984 y:410 w:22  h:45

2023/12/07 17:22:44 996279	INFO [SmokePhone_new.cpp->detect:563]	SmokePhoneDetection enlarged face on p:camID:0   x:951 y:383 w:88  h:99

2023/12/07 17:22:44 996332	INFO [yolo_common.cpp->yolov4_detection_staff:1008]	SmokePhoneDetection_sp:detect entered.camID:0instanceID:0
2023/12/07 17:22:44 997753	INFO [yolo_common.cpp->yolov4_detection_staff:1026]	SmokePhoneDetection_sp: iniput image:w:138,h:149camID:0instanceID:0gpuId:0
2023/12/07 17:22:45 032635	INFO [yolo_common.cpp->yolov4_detection_staff:1054]	SmokePhoneDetection_sp:infer time:34ms,camID:0
2023/12/07 17:22:45 039185	INFO [SmokePhone_new.cpp->detect:645]	SmokePhoneDetection all on face:camID:0  phone_hand = confidence:0.43940 at x:78.52 y:98.45 w:39.82  h:49.55

2023/12/07 17:22:45 039192	INFO [SmokePhone_new.cpp->detect:906]	SmokePhoneDetection: kv.first:phone camID:0

2023/12/07 17:22:45 039196	INFO [SmokePhone_new.cpp->detect:1064]	SmokePhoneDetection phone on face:camID:0  (null) = confidence:0.43940 at x:78.52 y:98.45 w:39.82  h:49.55

2023/12/07 17:22:45 039472	INFO [smoke_classification.cpp->detect:135]	SmokeClassification static_resized imagecamID:0
2023/12/07 17:22:45 039609	INFO [smoke_classification.cpp->detect:141]	SmokeClassification blob ok.camID:0
2023/12/07 17:22:45 039618	INFO [smoke_classification.cpp->detect:156]	SmokeClassification call TrtGPUInfer.camID:0
2023/12/07 17:22:45 040594	INFO [smoke_classification.cpp->detect:173]	SmokeClassification:infer time:0ms,camID:0
2023/12/07 17:22:45 040607	INFO [smoke_classification.cpp->detect:184]	SmokeClassification:exit detect()camID:0res result:0.0228087,0.889114,0.0880772,

2023/12/07 17:22:45 040636	INFO [SmokePhone_new.cpp->detect:1159]	SmokePhoneDetection: clsnet:{ 0.022809,  0.889114,  0.088077} camID:0
2023/12/07 17:22:45 040640	INFO [SmokePhone_new.cpp->detect:1169]	SmokePhoneDetection:detect camID:0Res OK prob:0.889114
2023/12/07 17:22:45 040645	INFO [SmokePhone_new.cpp->detect:906]	SmokePhoneDetection: kv.first:smoke camID:0

2023/12/07 17:22:45 040651	INFO [SmokePhone_new.cpp->detect:921]	SmokePhoneDetection smoke on face:camID:0  (null) = confidence:0.43940 at x:78.52 y:98.45 w:39.82  h:49.55

2023/12/07 17:22:45 040655	INFO [SmokePhone_new.cpp->detect:1229]	SmokePhoneDetection:det on enlarged face enteredcamID:0
2023/12/07 17:22:45 040787	INFO [SmokePhone_new.cpp->detect:1241]	save_img_xml successfully!
2023/12/07 17:22:45 040791	INFO [SmokePhone_new.cpp->detect:1260]	SmokePhoneDetection:exit detect()camID:0
2023/12/07 17:22:45 040793	INFO [auto_smokephone.cc->main:592]	SmokePhoneDetect sucessful
2023/12/07 17:22:45 040798	INFO [auto_smokephone.cc->main:603]	infer time:101ms

2023/12/07 17:22:45 040800	INFO [auto_smokephone.cc->main:605]	../images/7216636821.jpg successfully
2023/12/07 17:22:45 052499	INFO [auto_smokephone.cc->main:578]	../images/723216638321.jpg starting
2023/12/07 17:22:45 052509	INFO [yolo_common.cpp->yolov4_detection_staff:1008]	BasePersonDetection:detect entered.camID:0instanceID:0
2023/12/07 17:22:45 055060	INFO [yolo_common.cpp->yolov4_detection_staff:1026]	BasePersonDetection: iniput image:w:1920,h:1080camID:0instanceID:0gpuId:0
2023/12/07 17:22:45 071369	INFO [yolo_common.cpp->yolov4_detection_staff:1054]	BasePersonDetection:infer time:15ms,camID:0
2023/12/07 17:22:45 078942	INFO [basePerson.cpp->mainfunc2:194]	BasePersonDetection: mainfunc2. input box:347.404,295.786,143.12,422.189,score:0.956444class:person,camID:0
2023/12/07 17:22:45 078950	INFO [basePerson.cpp->mainfunc2:226]	BasePersonDetection: mainfunc2. box:347.404,295.786,143.12,422.189,score:0.956444class:person,camID:0
2023/12/07 17:22:45 078967	INFO [basePerson.cpp->mainfunc2:194]	BasePersonDetection: mainfunc2. input box:1018.81,456.596,163.448,521.843,score:0.946142class:person,camID:0
2023/12/07 17:22:45 078973	INFO [basePerson.cpp->mainfunc2:226]	BasePersonDetection: mainfunc2. box:1018.81,456.596,163.448,521.843,score:0.946142class:person,camID:0
2023/12/07 17:22:45 079764	INFO [featuretensor.cpp->doInference:295]	FeatureTensor:: doInference:imgMats.size2instanceID:0 camID:0
2023/12/07 17:22:45 081842	INFO [featuretensor.cpp->doInference:375]	FeatureTensor::predictor0 doInference:infer time:1ms,camID:0
2023/12/07 17:22:45 082444	INFO [basePerson.cpp->mainfunc2:352]	BasePersonDetection:mainfunc2:person,0.956444,tid:-1  x, y, w,  h:347.404,295.786,143.12,422.189, camID:0
2023/12/07 17:22:45 082452	INFO [basePerson.cpp->mainfunc2:352]	BasePersonDetection:mainfunc2:person,0.946142,tid:-1  x, y, w,  h:1018.81,456.596,163.448,521.843, camID:0
2023/12/07 17:22:45 082455	INFO [basePerson.cpp->detect:749]	BasePersonDetection: objects cnt:2camID:0
2023/12/07 17:22:45 082457	INFO [basePerson.cpp->detect:761]	BasePersonDetection: objects size.2camID:0
2023/12/07 17:22:45 082460	INFO [basePerson.cpp->detect:762]	BasePersonDetection:exit detect()camID:0
2023/12/07 17:22:45 082464	INFO [auto_smokephone.cc->main:590]	basePersonResult Detection successful
2023/12/07 17:22:45 082469	INFO [SmokePhone_new.cpp->detect:358]	SmokePhoneDetection: entered.camID:0

2023/12/07 17:22:45 082481	INFO [object_detector.cc->Predict:469]	ObjectDetector::Predict enteredcamID:0
2023/12/07 17:22:45 082488	INFO [object_detector.cc->Predict:492]	ObjectDetector::Predict before Preprocesscontext size:1,camID:0
2023/12/07 17:22:45 099844	INFO [object_detector.cc->Predict:495]	ObjectDetector::Predict after Preprocesscontext size:1,camID:0
2023/12/07 17:22:45 100120	INFO [object_detector.cc->Predict:534]	ObjectDetector::Predict before cudaSetDevicecontext size:1,camID:0
2023/12/07 17:22:45 100128	INFO [object_detector.cc->Predict:537]	ObjectDetector::Predict after cudaSetDevicecontext size:1,camID:0
2023/12/07 17:22:45 100136	INFO [object_detector.cc->Predict:544]	ObjectDetector::Predict before assertcontext size:1,choiceIntVal:0,camID:0
2023/12/07 17:22:45 100139	INFO [object_detector.cc->Predict:548]	ObjectDetector::Predict before doInferencecamID:0
2023/12/07 17:22:45 100965	INFO [object_detector.cc->doInference:219]	inference: Wait lock...camID:0
2023/12/07 17:22:45 103862	INFO [object_detector.cc->doInference:232]	inference: Out lock...camID:0
2023/12/07 17:22:45 103987	INFO [object_detector.cc->Predict:553]	ObjectDetector::Predict after doInferencecamID:0
2023/12/07 17:22:45 106489	INFO [object_detector.cc->Predict:664]	ObjectDetector::Predict num of boxes after nms:2camID:0
2023/12/07 17:22:45 106516	INFO [object_detector.cc->ppyoloe_det_stuff:762]	SmokePhoneDetection:infer time:24ms,camID:0
2023/12/07 17:22:45 106526	INFO [object_detector.cc->ppyoloe_det_stuff:763]	SmokePhoneDetection:det_times:17.5946 bbox_num:2
2023/12/07 17:22:45 106530	INFO [object_detector.cc->ppyoloe_det_stuff:801]	SmokePhoneDetection:confidence:0.788086,id:0
2023/12/07 17:22:45 106535	INFO [object_detector.cc->ppyoloe_det_stuff:801]	SmokePhoneDetection:confidence:0.773438,id:0
2023/12/07 17:22:45 106547	INFO [SmokePhone_new.cpp->detect:476]	SmokePhoneDetection::detect:camID:0 person_det_resultsInside person = confidence:0.95644 at x:347.40 y:295.79 w:143.12  h:422.19 tid:-1

2023/12/07 17:22:45 106552	INFO [SmokePhone_new.cpp->detect:476]	SmokePhoneDetection::detect:camID:0 person_det_resultsInside person = confidence:0.94614 at x:1018.81 y:456.60 w:163.45  h:521.84 tid:-1

2023/12/07 17:22:45 106557	INFO [SmokePhone_new.cpp->detect:481]	FaceDetection::detect:camID:0 person_det_resultsInside work_clothe_blue = confidence:0.78809 at x:1085.00 y:482.00 w:44.00  h:63.00 tid:-1

2023/12/07 17:22:45 106562	INFO [SmokePhone_new.cpp->detect:481]	FaceDetection::detect:camID:0 person_det_resultsInside work_clothe_blue = confidence:0.77344 at x:408.00 y:320.00 w:35.00  h:54.00 tid:-1

2023/12/07 17:22:45 106567	INFO [SmokePhone_new.cpp->detect:492]	SmokePhoneDetection::detect:camID:0 person_det_resultsInside person = confidence:0.95644 at x:347.40 y:295.79 w:143.12  h:422.19 tid:-1

2023/12/07 17:22:45 106572	INFO [SmokePhone_new.cpp->detect:514]	FaceDetection::detect:camID:0 person_det_resultsInside work_clothe_blue = confidence:0.78809 at x:1085.00 y:482.00 w:44.00  h:63.00 tid:-1

2023/12/07 17:22:45 106576	INFO [SmokePhone_new.cpp->detect:523]	inter_ared: 0.00 chepaiobj_area: 2772.00 face:0 IOU is 0.000
2023/12/07 17:22:45 106581	INFO [SmokePhone_new.cpp->detect:514]	FaceDetection::detect:camID:0 person_det_resultsInside work_clothe_blue = confidence:0.77344 at x:408.00 y:320.00 w:35.00  h:54.00 tid:-1

2023/12/07 17:22:45 106585	INFO [SmokePhone_new.cpp->detect:523]	inter_ared: 1890.00 chepaiobj_area: 1890.00 face:1 IOU is 1.000
2023/12/07 17:22:45 106588	INFO [SmokePhone_new.cpp->detect:542]	SmokePhoneDetection:camID:0   x:408 y:320 w:35  h:54

2023/12/07 17:22:45 106592	INFO [SmokePhone_new.cpp->detect:563]	SmokePhoneDetection enlarged face on p:camID:0   x:355 y:287 w:140  h:118

2023/12/07 17:22:45 106671	INFO [yolo_common.cpp->yolov4_detection_staff:1008]	SmokePhoneDetection_sp:detect entered.camID:0instanceID:0
2023/12/07 17:22:45 107903	INFO [yolo_common.cpp->yolov4_detection_staff:1026]	SmokePhoneDetection_sp: iniput image:w:190,h:168camID:0instanceID:0gpuId:0
2023/12/07 17:22:45 142236	INFO [yolo_common.cpp->yolov4_detection_staff:1054]	SmokePhoneDetection_sp:infer time:33ms,camID:0
2023/12/07 17:22:45 148729	INFO [SmokePhone_new.cpp->detect:906]	SmokePhoneDetection: kv.first:phone camID:0

2023/12/07 17:22:45 148733	INFO [SmokePhone_new.cpp->detect:906]	SmokePhoneDetection: kv.first:smoke camID:0

2023/12/07 17:22:45 148736	INFO [SmokePhone_new.cpp->detect:1229]	SmokePhoneDetection:det on enlarged face enteredcamID:0
2023/12/07 17:22:45 148744	INFO [SmokePhone_new.cpp->detect:492]	SmokePhoneDetection::detect:camID:0 person_det_resultsInside person = confidence:0.94614 at x:1018.81 y:456.60 w:163.45  h:521.84 tid:-1

2023/12/07 17:22:45 148748	INFO [SmokePhone_new.cpp->detect:514]	FaceDetection::detect:camID:0 person_det_resultsInside work_clothe_blue = confidence:0.78809 at x:1085.00 y:482.00 w:44.00  h:63.00 tid:-1

2023/12/07 17:22:45 148750	INFO [SmokePhone_new.cpp->detect:523]	inter_ared: 2772.00 chepaiobj_area: 2772.00 face:0 IOU is 1.000
2023/12/07 17:22:45 148753	INFO [SmokePhone_new.cpp->detect:542]	SmokePhoneDetection:camID:0   x:1085 y:482 w:44  h:63

2023/12/07 17:22:45 148755	INFO [SmokePhone_new.cpp->detect:563]	SmokePhoneDetection enlarged face on p:camID:0   x:1019 y:444 w:176  h:138

2023/12/07 17:22:45 148851	INFO [yolo_common.cpp->yolov4_detection_staff:1008]	SmokePhoneDetection_sp:detect entered.camID:0instanceID:0
2023/12/07 17:22:45 150152	INFO [yolo_common.cpp->yolov4_detection_staff:1026]	SmokePhoneDetection_sp: iniput image:w:226,h:188camID:0instanceID:0gpuId:0
2023/12/07 17:22:45 185619	INFO [yolo_common.cpp->yolov4_detection_staff:1054]	SmokePhoneDetection_sp:infer time:34ms,camID:0
2023/12/07 17:22:45 192007	INFO [SmokePhone_new.cpp->detect:906]	SmokePhoneDetection: kv.first:phone camID:0

2023/12/07 17:22:45 192011	INFO [SmokePhone_new.cpp->detect:906]	SmokePhoneDetection: kv.first:smoke camID:0

2023/12/07 17:22:45 192014	INFO [SmokePhone_new.cpp->detect:1229]	SmokePhoneDetection:det on enlarged face enteredcamID:0
2023/12/07 17:22:45 192016	INFO [SmokePhone_new.cpp->detect:1245]	SmokePhoneDetection:no objects for smokecamID:0
2023/12/07 17:22:45 192018	INFO [SmokePhone_new.cpp->detect:1260]	SmokePhoneDetection:exit detect()camID:0
2023/12/07 17:22:45 192021	INFO [auto_smokephone.cc->main:592]	SmokePhoneDetect sucessful
2023/12/07 17:22:45 192025	INFO [auto_smokephone.cc->main:603]	infer time:139ms

2023/12/07 17:22:45 192027	INFO [auto_smokephone.cc->main:605]	../images/723216638321.jpg successfully
2023/12/07 17:22:45 203688	INFO [auto_smokephone.cc->main:578]	../images/750216638396.jpg starting
2023/12/07 17:22:45 203699	INFO [yolo_common.cpp->yolov4_detection_staff:1008]	BasePersonDetection:detect entered.camID:0instanceID:0
2023/12/07 17:22:45 206511	INFO [yolo_common.cpp->yolov4_detection_staff:1026]	BasePersonDetection: iniput image:w:1920,h:1080camID:0instanceID:0gpuId:0
2023/12/07 17:22:45 222020	INFO [yolo_common.cpp->yolov4_detection_staff:1054]	BasePersonDetection:infer time:14ms,camID:0
2023/12/07 17:22:45 229641	INFO [basePerson.cpp->mainfunc2:194]	BasePersonDetection: mainfunc2. input box:82.4203,339.163,163.248,437.082,score:0.961987class:person,camID:0
2023/12/07 17:22:45 229647	INFO [basePerson.cpp->mainfunc2:226]	BasePersonDetection: mainfunc2. box:82.4203,339.163,163.248,437.082,score:0.961987class:person,camID:0
2023/12/07 17:22:45 229669	INFO [basePerson.cpp->mainfunc2:194]	BasePersonDetection: mainfunc2. input box:1016.89,475.824,173.438,556.585,score:0.937031class:person,camID:0
2023/12/07 17:22:45 229674	INFO [basePerson.cpp->mainfunc2:226]	BasePersonDetection: mainfunc2. box:1016.89,475.824,173.438,556.585,score:0.937031class:person,camID:0
2023/12/07 17:22:45 230995	INFO [featuretensor.cpp->doInference:295]	FeatureTensor:: doInference:imgMats.size2instanceID:0 camID:0
2023/12/07 17:22:45 233055	INFO [featuretensor.cpp->doInference:375]	FeatureTensor::predictor0 doInference:infer time:1ms,camID:0
2023/12/07 17:22:45 233675	INFO [basePerson.cpp->mainfunc2:352]	BasePersonDetection:mainfunc2:person,0.961987,tid:-1  x, y, w,  h:82.4203,339.163,163.248,437.082, camID:0
2023/12/07 17:22:45 233681	INFO [basePerson.cpp->mainfunc2:352]	BasePersonDetection:mainfunc2:person,0.937031,tid:-1  x, y, w,  h:1016.89,475.824,173.438,556.585, camID:0
2023/12/07 17:22:45 233684	INFO [basePerson.cpp->detect:749]	BasePersonDetection: objects cnt:2camID:0
2023/12/07 17:22:45 233686	INFO [basePerson.cpp->detect:761]	BasePersonDetection: objects size.2camID:0
2023/12/07 17:22:45 233688	INFO [basePerson.cpp->detect:762]	BasePersonDetection:exit detect()camID:0
2023/12/07 17:22:45 233691	INFO [auto_smokephone.cc->main:590]	basePersonResult Detection successful
2023/12/07 17:22:45 233696	INFO [SmokePhone_new.cpp->detect:358]	SmokePhoneDetection: entered.camID:0

2023/12/07 17:22:45 233706	INFO [object_detector.cc->Predict:469]	ObjectDetector::Predict enteredcamID:0
2023/12/07 17:22:45 233713	INFO [object_detector.cc->Predict:492]	ObjectDetector::Predict before Preprocesscontext size:1,camID:0
2023/12/07 17:22:45 250974	INFO [object_detector.cc->Predict:495]	ObjectDetector::Predict after Preprocesscontext size:1,camID:0
2023/12/07 17:22:45 251215	INFO [object_detector.cc->Predict:534]	ObjectDetector::Predict before cudaSetDevicecontext size:1,camID:0
2023/12/07 17:22:45 251221	INFO [object_detector.cc->Predict:537]	ObjectDetector::Predict after cudaSetDevicecontext size:1,camID:0
2023/12/07 17:22:45 251227	INFO [object_detector.cc->Predict:544]	ObjectDetector::Predict before assertcontext size:1,choiceIntVal:0,camID:0
2023/12/07 17:22:45 251229	INFO [object_detector.cc->Predict:548]	ObjectDetector::Predict before doInferencecamID:0
2023/12/07 17:22:45 252051	INFO [object_detector.cc->doInference:219]	inference: Wait lock...camID:0
2023/12/07 17:22:45 254976	INFO [object_detector.cc->doInference:232]	inference: Out lock...camID:0
2023/12/07 17:22:45 255100	INFO [object_detector.cc->Predict:553]	ObjectDetector::Predict after doInferencecamID:0
2023/12/07 17:22:45 257566	INFO [object_detector.cc->Predict:664]	ObjectDetector::Predict num of boxes after nms:2camID:0
2023/12/07 17:22:45 257596	INFO [object_detector.cc->ppyoloe_det_stuff:762]	SmokePhoneDetection:infer time:23ms,camID:0
2023/12/07 17:22:45 257601	INFO [object_detector.cc->ppyoloe_det_stuff:763]	SmokePhoneDetection:det_times:17.4656 bbox_num:2
2023/12/07 17:22:45 257605	INFO [object_detector.cc->ppyoloe_det_stuff:801]	SmokePhoneDetection:confidence:0.671387,id:0
2023/12/07 17:22:45 257609	INFO [object_detector.cc->ppyoloe_det_stuff:801]	SmokePhoneDetection:confidence:0.668457,id:0
2023/12/07 17:22:45 257617	INFO [SmokePhone_new.cpp->detect:476]	SmokePhoneDetection::detect:camID:0 person_det_resultsInside person = confidence:0.96199 at x:82.42 y:339.16 w:163.25  h:437.08 tid:-1

2023/12/07 17:22:45 257622	INFO [SmokePhone_new.cpp->detect:476]	SmokePhoneDetection::detect:camID:0 person_det_resultsInside person = confidence:0.93703 at x:1016.89 y:475.82 w:173.44  h:556.59 tid:-1

2023/12/07 17:22:45 257626	INFO [SmokePhone_new.cpp->detect:481]	FaceDetection::detect:camID:0 person_det_resultsInside work_clothe_blue = confidence:0.67139 at x:1084.00 y:512.00 w:31.00  h:70.00 tid:-1

2023/12/07 17:22:45 257629	INFO [SmokePhone_new.cpp->detect:481]	FaceDetection::detect:camID:0 person_det_resultsInside work_clothe_blue = confidence:0.66846 at x:104.00 y:374.00 w:35.00  h:52.00 tid:-1

2023/12/07 17:22:45 257633	INFO [SmokePhone_new.cpp->detect:492]	SmokePhoneDetection::detect:camID:0 person_det_resultsInside person = confidence:0.96199 at x:82.42 y:339.16 w:163.25  h:437.08 tid:-1

2023/12/07 17:22:45 257636	INFO [SmokePhone_new.cpp->detect:514]	FaceDetection::detect:camID:0 person_det_resultsInside work_clothe_blue = confidence:0.67139 at x:1084.00 y:512.00 w:31.00  h:70.00 tid:-1

2023/12/07 17:22:45 257640	INFO [SmokePhone_new.cpp->detect:523]	inter_ared: 0.00 chepaiobj_area: 2170.00 face:0 IOU is 0.000
2023/12/07 17:22:45 257643	INFO [SmokePhone_new.cpp->detect:514]	FaceDetection::detect:camID:0 person_det_resultsInside work_clothe_blue = confidence:0.66846 at x:104.00 y:374.00 w:35.00  h:52.00 tid:-1

2023/12/07 17:22:45 257647	INFO [SmokePhone_new.cpp->detect:523]	inter_ared: 1820.00 chepaiobj_area: 1820.00 face:1 IOU is 1.000
2023/12/07 17:22:45 257650	INFO [SmokePhone_new.cpp->detect:542]	SmokePhoneDetection:camID:0   x:104 y:374 w:35  h:52

2023/12/07 17:22:45 257653	INFO [SmokePhone_new.cpp->detect:563]	SmokePhoneDetection enlarged face on p:camID:0   x:51 y:342 w:140  h:114

2023/12/07 17:22:45 257728	INFO [yolo_common.cpp->yolov4_detection_staff:1008]	SmokePhoneDetection_sp:detect entered.camID:0instanceID:0
2023/12/07 17:22:45 258932	INFO [yolo_common.cpp->yolov4_detection_staff:1026]	SmokePhoneDetection_sp: iniput image:w:190,h:164camID:0instanceID:0gpuId:0
2023/12/07 17:22:45 294003	INFO [yolo_common.cpp->yolov4_detection_staff:1054]	SmokePhoneDetection_sp:infer time:34ms,camID:0
2023/12/07 17:22:45 300498	INFO [SmokePhone_new.cpp->detect:906]	SmokePhoneDetection: kv.first:phone camID:0

2023/12/07 17:22:45 300503	INFO [SmokePhone_new.cpp->detect:906]	SmokePhoneDetection: kv.first:smoke camID:0

2023/12/07 17:22:45 300505	INFO [SmokePhone_new.cpp->detect:1229]	SmokePhoneDetection:det on enlarged face enteredcamID:0
2023/12/07 17:22:45 300513	INFO [SmokePhone_new.cpp->detect:492]	SmokePhoneDetection::detect:camID:0 person_det_resultsInside person = confidence:0.93703 at x:1016.89 y:475.82 w:173.44  h:556.59 tid:-1

2023/12/07 17:22:45 300518	INFO [SmokePhone_new.cpp->detect:514]	FaceDetection::detect:camID:0 person_det_resultsInside work_clothe_blue = confidence:0.67139 at x:1084.00 y:512.00 w:31.00  h:70.00 tid:-1

2023/12/07 17:22:45 300521	INFO [SmokePhone_new.cpp->detect:523]	inter_ared: 2170.00 chepaiobj_area: 2170.00 face:0 IOU is 1.000
2023/12/07 17:22:45 300523	INFO [SmokePhone_new.cpp->detect:542]	SmokePhoneDetection:camID:0   x:1084 y:512 w:31  h:70

2023/12/07 17:22:45 300526	INFO [SmokePhone_new.cpp->detect:563]	SmokePhoneDetection enlarged face on p:camID:0   x:1037 y:470 w:124  h:154

2023/12/07 17:22:45 300611	INFO [yolo_common.cpp->yolov4_detection_staff:1008]	SmokePhoneDetection_sp:detect entered.camID:0instanceID:0
2023/12/07 17:22:45 302093	INFO [yolo_common.cpp->yolov4_detection_staff:1026]	SmokePhoneDetection_sp: iniput image:w:174,h:204camID:0instanceID:0gpuId:0
2023/12/07 17:22:45 337322	INFO [yolo_common.cpp->yolov4_detection_staff:1054]	SmokePhoneDetection_sp:infer time:34ms,camID:0
2023/12/07 17:22:45 343725	INFO [SmokePhone_new.cpp->detect:645]	SmokePhoneDetection all on face:camID:0  phone_hand = confidence:0.84068 at x:94.12 y:119.14 w:57.92  h:74.72

2023/12/07 17:22:45 343730	INFO [SmokePhone_new.cpp->detect:645]	SmokePhoneDetection all on face:camID:0  phone = confidence:0.41394 at x:103.09 y:122.50 w:42.58  h:44.00

2023/12/07 17:22:45 343734	INFO [SmokePhone_new.cpp->detect:906]	SmokePhoneDetection: kv.first:phone camID:0

2023/12/07 17:22:45 343737	INFO [SmokePhone_new.cpp->detect:1064]	SmokePhoneDetection phone on face:camID:0  (null) = confidence:0.84068 at x:94.12 y:119.14 w:57.92  h:74.72

2023/12/07 17:22:45 344052	INFO [smoke_classification.cpp->detect:135]	SmokeClassification static_resized imagecamID:0
2023/12/07 17:22:45 344197	INFO [smoke_classification.cpp->detect:141]	SmokeClassification blob ok.camID:0
2023/12/07 17:22:45 344205	INFO [smoke_classification.cpp->detect:156]	SmokeClassification call TrtGPUInfer.camID:0
2023/12/07 17:22:45 345215	INFO [smoke_classification.cpp->detect:173]	SmokeClassification:infer time:1ms,camID:0
2023/12/07 17:22:45 345226	INFO [smoke_classification.cpp->detect:184]	SmokeClassification:exit detect()camID:0res result:0.013068,0.980479,0.00645338,

2023/12/07 17:22:45 345252	INFO [SmokePhone_new.cpp->detect:1159]	SmokePhoneDetection: clsnet:{ 0.013068,  0.980479,  0.006453} camID:0
2023/12/07 17:22:45 345254	INFO [SmokePhone_new.cpp->detect:1169]	SmokePhoneDetection:detect camID:0Res OK prob:0.980479
